18 runs detected
Num Layers: 1, Hidden Size: 100, Melody Coeff: 0.5, Dropout Prob: 1, Input Dropout Prob: 1, Cell Type: LSTM, Time Batch Len: 128, Learning Rate: 0.005, Decay: 0.5
Epoch: 1, Train Loss: 1.19721338532, Valid Loss: 1.4570438255, Average Time Per Epoch: 44.9501650333
Epoch: 2, Train Loss: 0.861884320866, Valid Loss: 0.828049134124, Average Time Per Epoch: 34.9878385067
Epoch: 3, Train Loss: 0.687474927577, Valid Loss: 0.759661241011, Average Time Per Epoch: 31.6794296106
Epoch: 4, Train Loss: 0.614454746246, Valid Loss: 0.7161914522, Average Time Per Epoch: 30.0134204626
Epoch: 5, Train Loss: 0.567012278871, Valid Loss: 0.682600322637, Average Time Per Epoch: 29.0315579891
Epoch: 6, Train Loss: 0.534008823742, Valid Loss: 0.680827469717, Average Time Per Epoch: 28.385108153
Epoch: 7, Train Loss: 0.498611127517, Valid Loss: 0.755193420974, Average Time Per Epoch: 27.9892995698
Valid loss increased for the first time, will start saving models
Epoch: 8, Train Loss: 0.474828081578, Valid Loss: 0.685750715841, Average Time Per Epoch: 28.8872947395
Epoch: 9, Train Loss: 0.454115124047, Valid Loss: 0.658690629764, Average Time Per Epoch: 28.4731451141
Best loss so far encountered, saving model.
Epoch: 10, Train Loss: 0.439659927277, Valid Loss: 0.643875726245, Average Time Per Epoch: 29.0205886841
Best loss so far encountered, saving model.
Epoch: 11, Train Loss: 0.420653938502, Valid Loss: 0.643557530642, Average Time Per Epoch: 29.6131728129
Best loss so far encountered, saving model.
Epoch: 12, Train Loss: 0.40729248307, Valid Loss: 0.698384270885, Average Time Per Epoch: 29.983014822
Epoch: 13, Train Loss: 0.393335723538, Valid Loss: 0.651039698449, Average Time Per Epoch: 29.6255686833
Epoch: 14, Train Loss: 0.385523692756, Valid Loss: 0.683317482471, Average Time Per Epoch: 29.3178298473
Epoch: 15, Train Loss: 0.377514456467, Valid Loss: 0.63538367098, Average Time Per Epoch: 29.0466969331
Best loss so far encountered, saving model.
Epoch: 16, Train Loss: 0.36575538174, Valid Loss: 0.730786231973, Average Time Per Epoch: 29.4220431149
Epoch: 17, Train Loss: 0.352612354352, Valid Loss: 0.626513470845, Average Time Per Epoch: 29.2029728749
Best loss so far encountered, saving model.
Epoch: 18, Train Loss: 0.351158889806, Valid Loss: 0.724449308352, Average Time Per Epoch: 29.5242704948
Epoch: 19, Train Loss: 0.341977452216, Valid Loss: 0.657468463616, Average Time Per Epoch: 29.3033298442
Epoch: 20, Train Loss: 0.337880004079, Valid Loss: 0.670322043245, Average Time Per Epoch: 29.1017349005
Epoch: 21, Train Loss: 0.331401442415, Valid Loss: 0.698041409796, Average Time Per Epoch: 28.9181732337
Epoch: 22, Train Loss: 0.323149222025, Valid Loss: 0.721490158276, Average Time Per Epoch: 28.7552103129
Epoch: 23, Train Loss: 0.319357034208, Valid Loss: 0.736384130608, Average Time Per Epoch: 28.6050376477
Epoch: 24, Train Loss: 0.308680213497, Valid Loss: 0.638990939205, Average Time Per Epoch: 28.465403537
Epoch: 25, Train Loss: 0.311768440327, Valid Loss: 0.67092079466, Average Time Per Epoch: 28.3456688404
Epoch: 26, Train Loss: 0.304756193405, Valid Loss: 0.668237116662, Average Time Per Epoch: 28.2502252322
Epoch: 27, Train Loss: 0.30008686206, Valid Loss: 0.625944174962, Average Time Per Epoch: 28.1473410748
Best loss so far encountered, saving model.
Epoch: 28, Train Loss: 0.29930652087, Valid Loss: 0.633598831567, Average Time Per Epoch: 28.4108731747
Epoch: 29, Train Loss: 0.295125420358, Valid Loss: 0.735993835059, Average Time Per Epoch: 28.3154238915
Epoch: 30, Train Loss: 0.290268038171, Valid Loss: 0.699081447991, Average Time Per Epoch: 28.2228372653
Epoch: 31, Train Loss: 0.288471398985, Valid Loss: 0.77004537745, Average Time Per Epoch: 28.1301264148
Epoch: 32, Train Loss: 0.282821671817, Valid Loss: 0.633128985492, Average Time Per Epoch: 28.0341276526
Epoch: 33, Train Loss: 0.281777160471, Valid Loss: 0.673414964026, Average Time Per Epoch: 27.951870846
Epoch: 34, Train Loss: 0.282401062565, Valid Loss: 0.687774212794, Average Time Per Epoch: 27.8764376781
Epoch: 35, Train Loss: 0.278098925364, Valid Loss: 0.641915015741, Average Time Per Epoch: 27.7986165115
Epoch: 36, Train Loss: 0.27258503534, Valid Loss: 0.644185044549, Average Time Per Epoch: 27.7195966376
Epoch: 37, Train Loss: 0.273680957712, Valid Loss: 0.642239809578, Average Time Per Epoch: 27.6465062386
Valid loss hasnt improved for 10 epochs
Config Num Layers: 1, Hidden Size: 100, Melody Coeff: 0.5, Dropout Prob: 1, Input Dropout Prob: 1, Cell Type: LSTM, Time Batch Len: 128, Learning Rate: 0.005, Decay: 0.5, Loss: 0.625944174962
Found best new model!
Best Config: Num Layers: 1, Hidden Size: 100, Melody Coeff: 0.5, Dropout Prob: 1, Input Dropout Prob: 1, Cell Type: LSTM, Time Batch Len: 128, Learning Rate: 0.005, Decay: 0.5, Loss: 0.625944174962
Num Layers: 1, Hidden Size: 100, Melody Coeff: 0.5, Dropout Prob: 0.75, Input Dropout Prob: 1, Cell Type: LSTM, Time Batch Len: 128, Learning Rate: 0.005, Decay: 0.5
Epoch: 1, Train Loss: 1.16460841569, Valid Loss: 0.989498428865, Average Time Per Epoch: 44.2876279354
Epoch: 2, Train Loss: 0.857126722553, Valid Loss: 0.841504060138, Average Time Per Epoch: 34.3596709967
Epoch: 3, Train Loss: 0.730462777615, Valid Loss: 0.745331783728, Average Time Per Epoch: 31.0609593391
Epoch: 4, Train Loss: 0.653293920647, Valid Loss: 0.702689876882, Average Time Per Epoch: 29.4200339913
Epoch: 5, Train Loss: 0.608155817335, Valid Loss: 0.727140665054, Average Time Per Epoch: 28.4784914017
Valid loss increased for the first time, will start saving models
Epoch: 6, Train Loss: 0.575215878541, Valid Loss: 0.664196933941, Average Time Per Epoch: 29.5580089887
Best loss so far encountered, saving model.
Epoch: 7, Train Loss: 0.552215149728, Valid Loss: 0.649054348469, Average Time Per Epoch: 30.4104849952
Best loss so far encountered, saving model.
Epoch: 8, Train Loss: 0.53466649489, Valid Loss: 0.665111573176, Average Time Per Epoch: 30.8640168905
Epoch: 9, Train Loss: 0.516204895079, Valid Loss: 0.641473676942, Average Time Per Epoch: 30.177737342
Best loss so far encountered, saving model.
Epoch: 10, Train Loss: 0.497701476379, Valid Loss: 0.6658452034, Average Time Per Epoch: 30.5478558064
Epoch: 11, Train Loss: 0.480675566738, Valid Loss: 0.673038617589, Average Time Per Epoch: 30.0120130019
Epoch: 12, Train Loss: 0.469730647992, Valid Loss: 0.708860162713, Average Time Per Epoch: 29.575820744
Epoch: 13, Train Loss: 0.460579652339, Valid Loss: 0.65381513238, Average Time Per Epoch: 29.3076207638
Epoch: 14, Train Loss: 0.446092763543, Valid Loss: 0.622459822351, Average Time Per Epoch: 29.2224982807
Best loss so far encountered, saving model.
Epoch: 15, Train Loss: 0.439453984797, Valid Loss: 0.675100509687, Average Time Per Epoch: 29.6600868066
Epoch: 16, Train Loss: 0.427322950824, Valid Loss: 0.6508007819, Average Time Per Epoch: 29.3695266247
Epoch: 17, Train Loss: 0.417572935806, Valid Loss: 0.60643908544, Average Time Per Epoch: 29.099813293
Best loss so far encountered, saving model.
Epoch: 18, Train Loss: 0.413765708154, Valid Loss: 0.650841547142, Average Time Per Epoch: 29.353696333
Epoch: 19, Train Loss: 0.403923136809, Valid Loss: 0.683889199929, Average Time Per Epoch: 29.1159942652
Epoch: 20, Train Loss: 0.394252327288, Valid Loss: 0.648751525445, Average Time Per Epoch: 28.8964274526
Epoch: 21, Train Loss: 0.391728151048, Valid Loss: 0.642615346475, Average Time Per Epoch: 28.7001962435
Epoch: 22, Train Loss: 0.388232310861, Valid Loss: 0.641457667676, Average Time Per Epoch: 28.5221281377
Epoch: 23, Train Loss: 0.38176381334, Valid Loss: 0.672049442746, Average Time Per Epoch: 28.3590189581
Epoch: 24, Train Loss: 0.374607887424, Valid Loss: 0.658906060999, Average Time Per Epoch: 28.2113356292
Epoch: 25, Train Loss: 0.37381984561, Valid Loss: 0.634098307111, Average Time Per Epoch: 28.0755369568
Epoch: 26, Train Loss: 0.366960131309, Valid Loss: 0.589841235226, Average Time Per Epoch: 27.9504149602
Best loss so far encountered, saving model.
Epoch: 27, Train Loss: 0.365173093365, Valid Loss: 0.639682116292, Average Time Per Epoch: 28.2128846292
Epoch: 28, Train Loss: 0.358780162138, Valid Loss: 0.595000481064, Average Time Per Epoch: 28.0966488208
Epoch: 29, Train Loss: 0.355519439415, Valid Loss: 0.659918926521, Average Time Per Epoch: 27.9846042107
Epoch: 30, Train Loss: 0.35496999215, Valid Loss: 0.634840040857, Average Time Per Epoch: 27.8792601665
Epoch: 31, Train Loss: 0.347462676533, Valid Loss: 0.590222191269, Average Time Per Epoch: 27.783426777
Epoch: 32, Train Loss: 0.347693210434, Valid Loss: 0.619866016236, Average Time Per Epoch: 27.6922306865
Epoch: 33, Train Loss: 0.344566529549, Valid Loss: 0.615983138843, Average Time Per Epoch: 27.6090286067
Epoch: 34, Train Loss: 0.33986143568, Valid Loss: 0.68656767986, Average Time Per Epoch: 27.535133474
Epoch: 35, Train Loss: 0.338934004815, Valid Loss: 0.64490942955, Average Time Per Epoch: 27.46156997
Epoch: 36, Train Loss: 0.33642150035, Valid Loss: 0.689353308353, Average Time Per Epoch: 27.3941399985
Valid loss hasnt improved for 10 epochs
Config Num Layers: 1, Hidden Size: 100, Melody Coeff: 0.5, Dropout Prob: 0.75, Input Dropout Prob: 1, Cell Type: LSTM, Time Batch Len: 128, Learning Rate: 0.005, Decay: 0.5, Loss: 0.589841235226
Found best new model!
Best Config: Num Layers: 1, Hidden Size: 100, Melody Coeff: 0.5, Dropout Prob: 0.75, Input Dropout Prob: 1, Cell Type: LSTM, Time Batch Len: 128, Learning Rate: 0.005, Decay: 0.5, Loss: 0.589841235226
Num Layers: 1, Hidden Size: 100, Melody Coeff: 0.5, Dropout Prob: 0.5, Input Dropout Prob: 1, Cell Type: LSTM, Time Batch Len: 128, Learning Rate: 0.005, Decay: 0.5
Epoch: 1, Train Loss: 1.28580937602, Valid Loss: 1.00120670904, Average Time Per Epoch: 44.4097130299
Epoch: 2, Train Loss: 0.928662491928, Valid Loss: 0.819694719531, Average Time Per Epoch: 34.5102294683
Epoch: 3, Train Loss: 0.784423711083, Valid Loss: 0.753125394474, Average Time Per Epoch: 31.3139493465
Epoch: 4, Train Loss: 0.718510987542, Valid Loss: 0.725169690089, Average Time Per Epoch: 29.7019969821
Epoch: 5, Train Loss: 0.6811882821, Valid Loss: 0.691788667982, Average Time Per Epoch: 28.6950808048
Epoch: 6, Train Loss: 0.649909687584, Valid Loss: 0.6687092586, Average Time Per Epoch: 28.0220791499
Epoch: 7, Train Loss: 0.621974794973, Valid Loss: 0.653664412282, Average Time Per Epoch: 27.5571215493
Epoch: 8, Train Loss: 0.598318094557, Valid Loss: 0.65655251904, Average Time Per Epoch: 27.1982438564
Valid loss increased for the first time, will start saving models
Epoch: 9, Train Loss: 0.577050365372, Valid Loss: 0.63619880893, Average Time Per Epoch: 28.182476759
Best loss so far encountered, saving model.
Epoch: 10, Train Loss: 0.561777936599, Valid Loss: 0.665527410941, Average Time Per Epoch: 28.810906601
Epoch: 11, Train Loss: 0.546718284759, Valid Loss: 0.642913678018, Average Time Per Epoch: 28.4838555509
Epoch: 12, Train Loss: 0.53643849465, Valid Loss: 0.62597175078, Average Time Per Epoch: 28.2647337516
Best loss so far encountered, saving model.
Epoch: 13, Train Loss: 0.522786560113, Valid Loss: 0.608611099828, Average Time Per Epoch: 28.7717734484
Best loss so far encountered, saving model.
Epoch: 14, Train Loss: 0.51311873604, Valid Loss: 0.613155601783, Average Time Per Epoch: 29.1307207176
Epoch: 15, Train Loss: 0.504952080954, Valid Loss: 0.601006878506, Average Time Per Epoch: 28.8691356659
Best loss so far encountered, saving model.
Epoch: 16, Train Loss: 0.489320028506, Valid Loss: 0.617625562169, Average Time Per Epoch: 29.2716245651
Epoch: 17, Train Loss: 0.484395470673, Valid Loss: 0.630556874925, Average Time Per Epoch: 29.0300155808
Epoch: 18, Train Loss: 0.477790679715, Valid Loss: 0.593063996597, Average Time Per Epoch: 28.8112982776
Best loss so far encountered, saving model.
Epoch: 19, Train Loss: 0.47140934237, Valid Loss: 0.641714079814, Average Time Per Epoch: 29.1280869936
Epoch: 20, Train Loss: 0.463683125106, Valid Loss: 0.610990903052, Average Time Per Epoch: 28.9260698438
Epoch: 21, Train Loss: 0.455501640791, Valid Loss: 0.590529543703, Average Time Per Epoch: 28.7475915636
Best loss so far encountered, saving model.
Epoch: 22, Train Loss: 0.450180805271, Valid Loss: 0.636976665258, Average Time Per Epoch: 29.0279497667
Epoch: 23, Train Loss: 0.447682424161, Valid Loss: 0.605400317365, Average Time Per Epoch: 28.8608494738
Epoch: 24, Train Loss: 0.437924568491, Valid Loss: 0.647864807194, Average Time Per Epoch: 28.7050429185
Epoch: 25, Train Loss: 0.433923897621, Valid Loss: 0.582058889216, Average Time Per Epoch: 28.5643207169
Best loss so far encountered, saving model.
Epoch: 26, Train Loss: 0.42964365252, Valid Loss: 0.653995790265, Average Time Per Epoch: 28.7794914979
Epoch: 27, Train Loss: 0.427773547037, Valid Loss: 0.584653421424, Average Time Per Epoch: 28.6488976302
Epoch: 28, Train Loss: 0.425273323195, Valid Loss: 0.604962639917, Average Time Per Epoch: 28.5515670351
Epoch: 29, Train Loss: 0.421217676455, Valid Loss: 0.641841398586, Average Time Per Epoch: 28.4335560634
Epoch: 30, Train Loss: 0.417609817061, Valid Loss: 0.642139358954, Average Time Per Epoch: 28.3254357656
Epoch: 31, Train Loss: 0.413254918158, Valid Loss: 0.621576106006, Average Time Per Epoch: 28.2273685471
Epoch: 32, Train Loss: 0.407003292306, Valid Loss: 0.574979860674, Average Time Per Epoch: 28.1340287775
Best loss so far encountered, saving model.
Epoch: 33, Train Loss: 0.404856279763, Valid Loss: 0.60899201469, Average Time Per Epoch: 28.3528690916
Epoch: 34, Train Loss: 0.403754375672, Valid Loss: 0.644068743424, Average Time Per Epoch: 28.2614392323
Epoch: 35, Train Loss: 0.404580705545, Valid Loss: 0.580308936943, Average Time Per Epoch: 28.1769674301
Epoch: 36, Train Loss: 0.395721376958, Valid Loss: 0.574049678174, Average Time Per Epoch: 28.0949627757
Best loss so far encountered, saving model.
Epoch: 37, Train Loss: 0.394864702225, Valid Loss: 0.660021061789, Average Time Per Epoch: 28.2676385931
Epoch: 38, Train Loss: 0.393599631434, Valid Loss: 0.596867853945, Average Time Per Epoch: 28.1886890248
Epoch: 39, Train Loss: 0.392581581934, Valid Loss: 0.573165935278, Average Time Per Epoch: 28.1146901265
Best loss so far encountered, saving model.
Epoch: 40, Train Loss: 0.387428920716, Valid Loss: 0.663265968995, Average Time Per Epoch: 28.2956298232
Epoch: 41, Train Loss: 0.389418050647, Valid Loss: 0.615682339668, Average Time Per Epoch: 28.221508218
Epoch: 42, Train Loss: 0.382784214616, Valid Loss: 0.568306533857, Average Time Per Epoch: 28.1515326897
Best loss so far encountered, saving model.
Epoch: 43, Train Loss: 0.384292347526, Valid Loss: 0.633527451212, Average Time Per Epoch: 28.3229288112
Epoch: 44, Train Loss: 0.376464632357, Valid Loss: 0.641234744679, Average Time Per Epoch: 28.2549109296
Epoch: 45, Train Loss: 0.379118674045, Valid Loss: 0.617318906567, Average Time Per Epoch: 28.1907859113
Epoch: 46, Train Loss: 0.377695716647, Valid Loss: 0.588262317397, Average Time Per Epoch: 28.1297151058
Epoch: 47, Train Loss: 0.377119628882, Valid Loss: 0.574144211141, Average Time Per Epoch: 28.0726425749
Epoch: 48, Train Loss: 0.374718607014, Valid Loss: 0.616877085512, Average Time Per Epoch: 28.0165958554
Epoch: 49, Train Loss: 0.374939483133, Valid Loss: 0.603314051303, Average Time Per Epoch: 27.9628435106
Epoch: 50, Train Loss: 0.372133342922, Valid Loss: 0.577990801768, Average Time Per Epoch: 27.9111555195
Epoch: 51, Train Loss: 0.366765968163, Valid Loss: 0.570548382672, Average Time Per Epoch: 27.8605697435
Epoch: 52, Train Loss: 0.372439762544, Valid Loss: 0.572953621908, Average Time Per Epoch: 27.8138612096
Valid loss hasnt improved for 10 epochs
Config Num Layers: 1, Hidden Size: 100, Melody Coeff: 0.5, Dropout Prob: 0.5, Input Dropout Prob: 1, Cell Type: LSTM, Time Batch Len: 128, Learning Rate: 0.005, Decay: 0.5, Loss: 0.568306533857
Found best new model!
Best Config: Num Layers: 1, Hidden Size: 100, Melody Coeff: 0.5, Dropout Prob: 0.5, Input Dropout Prob: 1, Cell Type: LSTM, Time Batch Len: 128, Learning Rate: 0.005, Decay: 0.5, Loss: 0.568306533857
Num Layers: 1, Hidden Size: 150, Melody Coeff: 0.5, Dropout Prob: 1, Input Dropout Prob: 1, Cell Type: LSTM, Time Batch Len: 128, Learning Rate: 0.005, Decay: 0.5
Epoch: 1, Train Loss: 1.1758025462, Valid Loss: 0.953748031096, Average Time Per Epoch: 55.5151798725
Epoch: 2, Train Loss: 0.77547896667, Valid Loss: 0.795005287907, Average Time Per Epoch: 43.2576479912
Epoch: 3, Train Loss: 0.641961000182, Valid Loss: 0.703110966357, Average Time Per Epoch: 39.0321683089
Epoch: 4, Train Loss: 0.564569948478, Valid Loss: 0.675071225383, Average Time Per Epoch: 36.9383429885
Epoch: 5, Train Loss: 0.514266219464, Valid Loss: 0.674501965263, Average Time Per Epoch: 35.6722315788
Epoch: 6, Train Loss: 0.474312015826, Valid Loss: 0.720692739703, Average Time Per Epoch: 34.8267623186
Valid loss increased for the first time, will start saving models
Epoch: 7, Train Loss: 0.444078155742, Valid Loss: 0.658160166849, Average Time Per Epoch: 35.6041719913
Best loss so far encountered, saving model.
Epoch: 8, Train Loss: 0.414396834475, Valid Loss: 0.724677172574, Average Time Per Epoch: 36.16559273
Epoch: 9, Train Loss: 0.394275709377, Valid Loss: 0.679366155104, Average Time Per Epoch: 35.5594036579
Epoch: 10, Train Loss: 0.372177796658, Valid Loss: 0.670656265454, Average Time Per Epoch: 35.0707015991
Epoch: 11, Train Loss: 0.355628494309, Valid Loss: 0.660255483064, Average Time Per Epoch: 34.6667903553
Epoch: 12, Train Loss: 0.335729895193, Valid Loss: 0.69075753743, Average Time Per Epoch: 34.3318709135
Epoch: 13, Train Loss: 0.32989492761, Valid Loss: 0.635666896538, Average Time Per Epoch: 34.0495491395
Best loss so far encountered, saving model.
Epoch: 14, Train Loss: 0.310867105788, Valid Loss: 0.725309627706, Average Time Per Epoch: 34.4267434904
Epoch: 15, Train Loss: 0.301346430369, Valid Loss: 0.682836051963, Average Time Per Epoch: 34.1828401248
Epoch: 16, Train Loss: 0.291703054283, Valid Loss: 0.722378934513, Average Time Per Epoch: 33.9706726819
Epoch: 17, Train Loss: 0.289953541722, Valid Loss: 0.692125442895, Average Time Per Epoch: 33.7809085285
Epoch: 18, Train Loss: 0.277778991456, Valid Loss: 0.733223337477, Average Time Per Epoch: 33.6133326027
Epoch: 19, Train Loss: 0.272771106051, Valid Loss: 0.663334809108, Average Time Per Epoch: 33.4630654235
Epoch: 20, Train Loss: 0.261787390078, Valid Loss: 0.633686383204, Average Time Per Epoch: 33.3268506408
Best loss so far encountered, saving model.
Epoch: 21, Train Loss: 0.258062139513, Valid Loss: 0.68690361218, Average Time Per Epoch: 33.6604631401
Epoch: 22, Train Loss: 0.252240294997, Valid Loss: 0.672875857353, Average Time Per Epoch: 33.5286768566
Epoch: 23, Train Loss: 0.245242265121, Valid Loss: 0.707532584667, Average Time Per Epoch: 33.4097831249
Epoch: 24, Train Loss: 0.239627669811, Valid Loss: 0.708994005485, Average Time Per Epoch: 33.3006421228
Epoch: 25, Train Loss: 0.238625520417, Valid Loss: 0.659398682009, Average Time Per Epoch: 33.2020159531
Epoch: 26, Train Loss: 0.230326966783, Valid Loss: 0.716945754398, Average Time Per Epoch: 33.1106840372
Epoch: 27, Train Loss: 0.227119361537, Valid Loss: 0.762647564845, Average Time Per Epoch: 33.024317291
Epoch: 28, Train Loss: 0.228818447295, Valid Loss: 0.713244710727, Average Time Per Epoch: 32.948483714
Epoch: 29, Train Loss: 0.217829327963, Valid Loss: 0.770447332209, Average Time Per Epoch: 32.8753569619
Epoch: 30, Train Loss: 0.217863785619, Valid Loss: 0.702870610085, Average Time Per Epoch: 32.8075569312
Valid loss hasnt improved for 10 epochs
Config Num Layers: 1, Hidden Size: 150, Melody Coeff: 0.5, Dropout Prob: 1, Input Dropout Prob: 1, Cell Type: LSTM, Time Batch Len: 128, Learning Rate: 0.005, Decay: 0.5, Loss: 0.633686383204
Best Config: Num Layers: 1, Hidden Size: 100, Melody Coeff: 0.5, Dropout Prob: 0.5, Input Dropout Prob: 1, Cell Type: LSTM, Time Batch Len: 128, Learning Rate: 0.005, Decay: 0.5, Loss: 0.568306533857
Num Layers: 1, Hidden Size: 150, Melody Coeff: 0.5, Dropout Prob: 0.75, Input Dropout Prob: 1, Cell Type: LSTM, Time Batch Len: 128, Learning Rate: 0.005, Decay: 0.5
Epoch: 1, Train Loss: 1.2185278459, Valid Loss: 0.988684610887, Average Time Per Epoch: 55.8779468536
Epoch: 2, Train Loss: 0.833917746761, Valid Loss: 0.779983996261, Average Time Per Epoch: 43.2836509943
Epoch: 3, Train Loss: 0.703647471558, Valid Loss: 0.703336184133, Average Time Per Epoch: 39.0594486396
Epoch: 4, Train Loss: 0.620203473893, Valid Loss: 0.692044403336, Average Time Per Epoch: 36.9876164794
Epoch: 5, Train Loss: 0.568160313097, Valid Loss: 0.737155865539, Average Time Per Epoch: 35.7243127823
Valid loss increased for the first time, will start saving models
Epoch: 6, Train Loss: 0.531623451412, Valid Loss: 0.716318947619, Average Time Per Epoch: 36.4922766685
Epoch: 7, Train Loss: 0.502004285021, Valid Loss: 0.630740738999, Average Time Per Epoch: 35.6633948599
Best loss so far encountered, saving model.
Epoch: 8, Train Loss: 0.470786933601, Valid Loss: 0.623870177161, Average Time Per Epoch: 36.2305576205
Best loss so far encountered, saving model.
Epoch: 9, Train Loss: 0.44816283692, Valid Loss: 0.633319272778, Average Time Per Epoch: 36.5777273178
Epoch: 10, Train Loss: 0.425959443098, Valid Loss: 0.642414774136, Average Time Per Epoch: 35.9847090006
Epoch: 11, Train Loss: 0.410418845036, Valid Loss: 0.63097795519, Average Time Per Epoch: 35.5052467259
Epoch: 12, Train Loss: 0.393232751434, Valid Loss: 0.58958523707, Average Time Per Epoch: 35.1075255871
Best loss so far encountered, saving model.
Epoch: 13, Train Loss: 0.383675820922, Valid Loss: 0.5922297792, Average Time Per Epoch: 35.4925616154
Epoch: 14, Train Loss: 0.370148890973, Valid Loss: 0.628638916124, Average Time Per Epoch: 35.1496930633
Epoch: 15, Train Loss: 0.360722983358, Valid Loss: 0.689791598103, Average Time Per Epoch: 34.8554745992
Epoch: 16, Train Loss: 0.34821231819, Valid Loss: 0.666830028729, Average Time Per Epoch: 34.5982567519
Epoch: 17, Train Loss: 0.344626020132, Valid Loss: 0.627326076139, Average Time Per Epoch: 34.3678524073
Epoch: 18, Train Loss: 0.333782149005, Valid Loss: 0.62818151008, Average Time Per Epoch: 34.1655116081
Epoch: 19, Train Loss: 0.325045281547, Valid Loss: 0.574342690815, Average Time Per Epoch: 33.9902433596
Best loss so far encountered, saving model.
Epoch: 20, Train Loss: 0.326156757501, Valid Loss: 0.587205725908, Average Time Per Epoch: 34.304203701
Epoch: 21, Train Loss: 0.316427190348, Valid Loss: 0.591584936055, Average Time Per Epoch: 34.1365175247
Epoch: 22, Train Loss: 0.309146465497, Valid Loss: 0.682585556941, Average Time Per Epoch: 33.9836941741
Epoch: 23, Train Loss: 0.308179833638, Valid Loss: 0.601774540273, Average Time Per Epoch: 33.8442720434
Epoch: 24, Train Loss: 0.300282403183, Valid Loss: 0.571311387691, Average Time Per Epoch: 33.7194717924
Best loss so far encountered, saving model.
Epoch: 25, Train Loss: 0.297923070396, Valid Loss: 0.679414573041, Average Time Per Epoch: 34.0221883965
Epoch: 26, Train Loss: 0.29047648187, Valid Loss: 0.580328128013, Average Time Per Epoch: 33.9099251124
Epoch: 27, Train Loss: 0.288684593835, Valid Loss: 0.588358434764, Average Time Per Epoch: 33.794101927
Epoch: 28, Train Loss: 0.283136852763, Valid Loss: 0.656593239307, Average Time Per Epoch: 33.6893246429
Epoch: 29, Train Loss: 0.28341494046, Valid Loss: 0.581613655524, Average Time Per Epoch: 33.5911322051
Epoch: 30, Train Loss: 0.278478813392, Valid Loss: 0.666374207627, Average Time Per Epoch: 33.5009011984
Epoch: 31, Train Loss: 0.276169244793, Valid Loss: 0.645963592963, Average Time Per Epoch: 33.4173155446
Epoch: 32, Train Loss: 0.271678424457, Valid Loss: 0.683620105548, Average Time Per Epoch: 33.3364052176
Epoch: 33, Train Loss: 0.273454692028, Valid Loss: 0.640333979238, Average Time Per Epoch: 33.2648000573
Epoch: 34, Train Loss: 0.267718412693, Valid Loss: 0.682820440964, Average Time Per Epoch: 33.1962101179
Valid loss hasnt improved for 10 epochs
Config Num Layers: 1, Hidden Size: 150, Melody Coeff: 0.5, Dropout Prob: 0.75, Input Dropout Prob: 1, Cell Type: LSTM, Time Batch Len: 128, Learning Rate: 0.005, Decay: 0.5, Loss: 0.571311387691
Best Config: Num Layers: 1, Hidden Size: 100, Melody Coeff: 0.5, Dropout Prob: 0.5, Input Dropout Prob: 1, Cell Type: LSTM, Time Batch Len: 128, Learning Rate: 0.005, Decay: 0.5, Loss: 0.568306533857
Num Layers: 1, Hidden Size: 150, Melody Coeff: 0.5, Dropout Prob: 0.5, Input Dropout Prob: 1, Cell Type: LSTM, Time Batch Len: 128, Learning Rate: 0.005, Decay: 0.5
Epoch: 1, Train Loss: 1.26516429294, Valid Loss: 1.01116078659, Average Time Per Epoch: 55.7885129452
Epoch: 2, Train Loss: 0.904062279788, Valid Loss: 0.812686350129, Average Time Per Epoch: 43.2381569147
Epoch: 3, Train Loss: 0.745268026265, Valid Loss: 0.721939490058, Average Time Per Epoch: 39.0530706247
Epoch: 4, Train Loss: 0.667525630647, Valid Loss: 0.756457713517, Average Time Per Epoch: 36.975207746
Valid loss increased for the first time, will start saving models
Epoch: 5, Train Loss: 0.622566443682, Valid Loss: 0.656434539773, Average Time Per Epoch: 37.6780481815
Best loss so far encountered, saving model.
Epoch: 6, Train Loss: 0.589766989784, Valid Loss: 0.646494566852, Average Time Per Epoch: 37.9325127999
Best loss so far encountered, saving model.
Epoch: 7, Train Loss: 0.557587497072, Valid Loss: 0.637762324377, Average Time Per Epoch: 38.2283914089
Best loss so far encountered, saving model.
Epoch: 8, Train Loss: 0.53414254622, Valid Loss: 0.665907619216, Average Time Per Epoch: 38.4630691111
Epoch: 9, Train Loss: 0.506569532915, Valid Loss: 0.624788788232, Average Time Per Epoch: 37.6006962193
Best loss so far encountered, saving model.
Epoch: 10, Train Loss: 0.491105933894, Valid Loss: 0.627341878956, Average Time Per Epoch: 37.859078598
Epoch: 11, Train Loss: 0.476816590266, Valid Loss: 0.608590013872, Average Time Per Epoch: 37.2084006179
Best loss so far encountered, saving model.
Epoch: 12, Train Loss: 0.457615457407, Valid Loss: 0.620610718294, Average Time Per Epoch: 37.3984314005
Epoch: 13, Train Loss: 0.443711080876, Valid Loss: 0.61239620122, Average Time Per Epoch: 36.8853976176
Epoch: 14, Train Loss: 0.434065615589, Valid Loss: 0.582397422465, Average Time Per Epoch: 36.4472922087
Best loss so far encountered, saving model.
Epoch: 15, Train Loss: 0.426016847518, Valid Loss: 0.645011073351, Average Time Per Epoch: 36.7024226665
Epoch: 16, Train Loss: 0.414598155022, Valid Loss: 0.648081166636, Average Time Per Epoch: 36.3287239373
Epoch: 17, Train Loss: 0.410847464475, Valid Loss: 0.584531912479, Average Time Per Epoch: 36.000808225
Epoch: 18, Train Loss: 0.397704707154, Valid Loss: 0.583160142465, Average Time Per Epoch: 35.7128772736
Epoch: 19, Train Loss: 0.395062693615, Valid Loss: 0.598980812593, Average Time Per Epoch: 35.458411154
Epoch: 20, Train Loss: 0.387028540942, Valid Loss: 0.577622491121, Average Time Per Epoch: 35.223042047
Best loss so far encountered, saving model.
Epoch: 21, Train Loss: 0.382060072774, Valid Loss: 0.573974491249, Average Time Per Epoch: 35.4673530488
Best loss so far encountered, saving model.
Epoch: 22, Train Loss: 0.378405798972, Valid Loss: 0.567792443254, Average Time Per Epoch: 35.6962643645
Best loss so far encountered, saving model.
Epoch: 23, Train Loss: 0.36845331744, Valid Loss: 0.626842656461, Average Time Per Epoch: 35.9034659137
Epoch: 24, Train Loss: 0.361309702694, Valid Loss: 0.633019599589, Average Time Per Epoch: 35.6915896237
Epoch: 25, Train Loss: 0.36565867913, Valid Loss: 0.595755817132, Average Time Per Epoch: 35.496399641
Epoch: 26, Train Loss: 0.35098466145, Valid Loss: 0.620537905801, Average Time Per Epoch: 35.3173761093
Epoch: 27, Train Loss: 0.351860318672, Valid Loss: 0.608031115749, Average Time Per Epoch: 35.1543131493
Epoch: 28, Train Loss: 0.34832807146, Valid Loss: 0.602540115335, Average Time Per Epoch: 35.0004936372
Epoch: 29, Train Loss: 0.345798782462, Valid Loss: 0.570737494122, Average Time Per Epoch: 34.8576176906
Epoch: 30, Train Loss: 0.336694701084, Valid Loss: 0.573577804457, Average Time Per Epoch: 34.7246560335
Epoch: 31, Train Loss: 0.336473617364, Valid Loss: 0.676865404302, Average Time Per Epoch: 34.6030638372
Epoch: 32, Train Loss: 0.335501237755, Valid Loss: 0.565051909468, Average Time Per Epoch: 34.4851000607
Best loss so far encountered, saving model.
Epoch: 33, Train Loss: 0.330417952009, Valid Loss: 0.568031869151, Average Time Per Epoch: 34.6799535462
Epoch: 34, Train Loss: 0.324960510026, Valid Loss: 0.566166909716, Average Time Per Epoch: 34.5686584992
Epoch: 35, Train Loss: 0.324100110781, Valid Loss: 0.591598636996, Average Time Per Epoch: 34.4630704539
Epoch: 36, Train Loss: 0.324578615346, Valid Loss: 0.611209725792, Average Time Per Epoch: 34.3654804958
Epoch: 37, Train Loss: 0.321876309609, Valid Loss: 0.566326269236, Average Time Per Epoch: 34.2740920814
Epoch: 38, Train Loss: 0.315274102647, Valid Loss: 0.614031149582, Average Time Per Epoch: 34.1888319442
Epoch: 39, Train Loss: 0.312590362267, Valid Loss: 0.575771268931, Average Time Per Epoch: 34.1082376639
Epoch: 40, Train Loss: 0.309545353563, Valid Loss: 0.561310646751, Average Time Per Epoch: 34.0304084003
Best loss so far encountered, saving model.
Epoch: 41, Train Loss: 0.308037533205, Valid Loss: 0.586314037713, Average Time Per Epoch: 34.2050700478
Epoch: 42, Train Loss: 0.305629174005, Valid Loss: 0.639868770404, Average Time Per Epoch: 34.1295996621
Epoch: 43, Train Loss: 0.302935181575, Valid Loss: 0.661129143021, Average Time Per Epoch: 34.0589056736
Epoch: 44, Train Loss: 0.30716233792, Valid Loss: 0.589864277298, Average Time Per Epoch: 33.9912270904
Epoch: 45, Train Loss: 0.29952397526, Valid Loss: 0.566954083334, Average Time Per Epoch: 33.9321478844
Epoch: 46, Train Loss: 0.303123147921, Valid Loss: 0.630332926187, Average Time Per Epoch: 33.8736651514
Epoch: 47, Train Loss: 0.299141453952, Valid Loss: 0.652027504552, Average Time Per Epoch: 33.8161123408
Epoch: 48, Train Loss: 0.298796890134, Valid Loss: 0.606693715941, Average Time Per Epoch: 33.7630361865
Epoch: 49, Train Loss: 0.297354048965, Valid Loss: 0.558852035349, Average Time Per Epoch: 33.7092775277
Best loss so far encountered, saving model.
Epoch: 50, Train Loss: 0.295918242701, Valid Loss: 0.666893393885, Average Time Per Epoch: 33.8678803205
Epoch: 51, Train Loss: 0.292279256948, Valid Loss: 0.567744478312, Average Time Per Epoch: 33.8146029781
Epoch: 52, Train Loss: 0.292071306062, Valid Loss: 0.562381518971, Average Time Per Epoch: 33.7655236125
Epoch: 53, Train Loss: 0.288943186775, Valid Loss: 0.611044670235, Average Time Per Epoch: 33.7162628489
Epoch: 54, Train Loss: 0.289411376078, Valid Loss: 0.559686034376, Average Time Per Epoch: 33.6711859041
Epoch: 55, Train Loss: 0.282984012061, Valid Loss: 0.564342355728, Average Time Per Epoch: 33.6267214168
Epoch: 56, Train Loss: 0.286132690818, Valid Loss: 0.659752718969, Average Time Per Epoch: 33.5850609626
Epoch: 57, Train Loss: 0.283912142011, Valid Loss: 0.648770495978, Average Time Per Epoch: 33.5457611377
Epoch: 58, Train Loss: 0.280080138756, Valid Loss: 0.561813672564, Average Time Per Epoch: 33.5088618624
Epoch: 59, Train Loss: 0.280594209006, Valid Loss: 0.593752519651, Average Time Per Epoch: 33.4723592209
Valid loss hasnt improved for 10 epochs
Config Num Layers: 1, Hidden Size: 150, Melody Coeff: 0.5, Dropout Prob: 0.5, Input Dropout Prob: 1, Cell Type: LSTM, Time Batch Len: 128, Learning Rate: 0.005, Decay: 0.5, Loss: 0.558852035349
Found best new model!
Best Config: Num Layers: 1, Hidden Size: 150, Melody Coeff: 0.5, Dropout Prob: 0.5, Input Dropout Prob: 1, Cell Type: LSTM, Time Batch Len: 128, Learning Rate: 0.005, Decay: 0.5, Loss: 0.558852035349
Num Layers: 1, Hidden Size: 200, Melody Coeff: 0.5, Dropout Prob: 1, Input Dropout Prob: 1, Cell Type: LSTM, Time Batch Len: 128, Learning Rate: 0.005, Decay: 0.5
Epoch: 1, Train Loss: 1.25812329054, Valid Loss: 0.95795583725, Average Time Per Epoch: 73.4174211025
Epoch: 2, Train Loss: 0.764713803205, Valid Loss: 1.01153880574, Average Time Per Epoch: 56.5469734669
Valid loss increased for the first time, will start saving models
Epoch: 3, Train Loss: 0.62807295783, Valid Loss: 0.706911087578, Average Time Per Epoch: 54.1780956586
Best loss so far encountered, saving model.
Epoch: 4, Train Loss: 0.550498160178, Valid Loss: 0.689616852999, Average Time Per Epoch: 52.6930350065
Best loss so far encountered, saving model.
Epoch: 5, Train Loss: 0.492699397762, Valid Loss: 0.697088976882, Average Time Per Epoch: 51.9542325974
Epoch: 6, Train Loss: 0.450919625028, Valid Loss: 0.636545086449, Average Time Per Epoch: 49.9261438449
Best loss so far encountered, saving model.
Epoch: 7, Train Loss: 0.418406592309, Valid Loss: 0.691016606851, Average Time Per Epoch: 49.8263631548
Epoch: 8, Train Loss: 0.387982378663, Valid Loss: 0.64894298586, Average Time Per Epoch: 48.5750156343
Epoch: 9, Train Loss: 0.362538720363, Valid Loss: 0.662509066408, Average Time Per Epoch: 47.5944125652
Epoch: 10, Train Loss: 0.336754003861, Valid Loss: 0.660919888995, Average Time Per Epoch: 46.8229789019
Epoch: 11, Train Loss: 0.319402918253, Valid Loss: 0.697847574949, Average Time Per Epoch: 46.1850075505
Epoch: 12, Train Loss: 0.308324376392, Valid Loss: 0.63522994139, Average Time Per Epoch: 45.6556714972
Best loss so far encountered, saving model.
Epoch: 13, Train Loss: 0.29011541931, Valid Loss: 0.639640773426, Average Time Per Epoch: 45.9431553804
Epoch: 14, Train Loss: 0.275533143787, Valid Loss: 0.703017075495, Average Time Per Epoch: 45.4935257094
Epoch: 15, Train Loss: 0.264418649436, Valid Loss: 0.752195625955, Average Time Per Epoch: 45.1076054732
Epoch: 16, Train Loss: 0.264693154412, Valid Loss: 0.678356100754, Average Time Per Epoch: 44.7705396861
Epoch: 17, Train Loss: 0.248924830404, Valid Loss: 0.697302485054, Average Time Per Epoch: 44.4714199375
Epoch: 18, Train Loss: 0.244340592271, Valid Loss: 0.655956339836, Average Time Per Epoch: 44.2035365502
Epoch: 19, Train Loss: 0.232280291748, Valid Loss: 0.728743159771, Average Time Per Epoch: 43.9687949482
Epoch: 20, Train Loss: 0.229356129442, Valid Loss: 0.638137226213, Average Time Per Epoch: 43.755638504
Epoch: 21, Train Loss: 0.219635639204, Valid Loss: 0.751332321492, Average Time Per Epoch: 43.5604732831
Epoch: 22, Train Loss: 0.21647565499, Valid Loss: 0.700045607849, Average Time Per Epoch: 43.3870507695
Valid loss hasnt improved for 10 epochs
Config Num Layers: 1, Hidden Size: 200, Melody Coeff: 0.5, Dropout Prob: 1, Input Dropout Prob: 1, Cell Type: LSTM, Time Batch Len: 128, Learning Rate: 0.005, Decay: 0.5, Loss: 0.63522994139
Best Config: Num Layers: 1, Hidden Size: 150, Melody Coeff: 0.5, Dropout Prob: 0.5, Input Dropout Prob: 1, Cell Type: LSTM, Time Batch Len: 128, Learning Rate: 0.005, Decay: 0.5, Loss: 0.558852035349
Num Layers: 1, Hidden Size: 200, Melody Coeff: 0.5, Dropout Prob: 0.75, Input Dropout Prob: 1, Cell Type: LSTM, Time Batch Len: 128, Learning Rate: 0.005, Decay: 0.5
Epoch: 1, Train Loss: 1.21489401189, Valid Loss: 0.95610913255, Average Time Per Epoch: 72.6293971539
Epoch: 2, Train Loss: 0.773452186043, Valid Loss: 0.956085756692, Average Time Per Epoch: 56.0396720171
Epoch: 3, Train Loss: 0.656998041543, Valid Loss: 0.692691064423, Average Time Per Epoch: 50.5284413497
Epoch: 4, Train Loss: 0.57768368423, Valid Loss: 0.720048145814, Average Time Per Epoch: 47.7938852906
Valid loss increased for the first time, will start saving models
Epoch: 5, Train Loss: 0.513474565338, Valid Loss: 0.691544040225, Average Time Per Epoch: 48.0380038261
Best loss so far encountered, saving model.
Epoch: 6, Train Loss: 0.490259295296, Valid Loss: 0.621066305312, Average Time Per Epoch: 48.1470185121
Best loss so far encountered, saving model.
Epoch: 7, Train Loss: 0.445982053808, Valid Loss: 0.674907632308, Average Time Per Epoch: 48.2556233065
Epoch: 8, Train Loss: 0.416595977545, Valid Loss: 0.677665198933, Average Time Per Epoch: 47.2259953916
Epoch: 9, Train Loss: 0.400307252326, Valid Loss: 0.625100945343, Average Time Per Epoch: 46.3705264462
Epoch: 10, Train Loss: 0.377991870689, Valid Loss: 0.606847349622, Average Time Per Epoch: 45.6966856003
Best loss so far encountered, saving model.
Epoch: 11, Train Loss: 0.359094121375, Valid Loss: 0.673462017558, Average Time Per Epoch: 46.0016420971
Epoch: 12, Train Loss: 0.343429858068, Valid Loss: 0.669651016864, Average Time Per Epoch: 45.4675446749
Epoch: 13, Train Loss: 0.334816352515, Valid Loss: 0.570103275776, Average Time Per Epoch: 45.0217366219
Best loss so far encountered, saving model.
Epoch: 14, Train Loss: 0.320564611849, Valid Loss: 0.676600406387, Average Time Per Epoch: 45.2557951553
Epoch: 15, Train Loss: 0.312256515432, Valid Loss: 0.571243447607, Average Time Per Epoch: 44.8822480679
Epoch: 16, Train Loss: 0.305560983328, Valid Loss: 0.681108651378, Average Time Per Epoch: 44.5524211377
Epoch: 17, Train Loss: 0.29354920897, Valid Loss: 0.589501429146, Average Time Per Epoch: 44.263475951
Epoch: 18, Train Loss: 0.290293596854, Valid Loss: 0.581442970037, Average Time Per Epoch: 44.0074745549
Epoch: 19, Train Loss: 0.279506453973, Valid Loss: 0.66537444158, Average Time Per Epoch: 43.7784862644
Epoch: 20, Train Loss: 0.272140974094, Valid Loss: 0.578405360742, Average Time Per Epoch: 43.5760794044
Epoch: 21, Train Loss: 0.26962367916, Valid Loss: 0.65636857152, Average Time Per Epoch: 43.3926728566
Epoch: 22, Train Loss: 0.262870183909, Valid Loss: 0.576769196445, Average Time Per Epoch: 43.2245715531
Epoch: 23, Train Loss: 0.258544768766, Valid Loss: 0.588257106868, Average Time Per Epoch: 43.0708579188
Valid loss hasnt improved for 10 epochs
Config Num Layers: 1, Hidden Size: 200, Melody Coeff: 0.5, Dropout Prob: 0.75, Input Dropout Prob: 1, Cell Type: LSTM, Time Batch Len: 128, Learning Rate: 0.005, Decay: 0.5, Loss: 0.570103275776
Best Config: Num Layers: 1, Hidden Size: 150, Melody Coeff: 0.5, Dropout Prob: 0.5, Input Dropout Prob: 1, Cell Type: LSTM, Time Batch Len: 128, Learning Rate: 0.005, Decay: 0.5, Loss: 0.558852035349
Num Layers: 1, Hidden Size: 200, Melody Coeff: 0.5, Dropout Prob: 0.5, Input Dropout Prob: 1, Cell Type: LSTM, Time Batch Len: 128, Learning Rate: 0.005, Decay: 0.5
Epoch: 1, Train Loss: 1.25001967712, Valid Loss: 0.919957917387, Average Time Per Epoch: 72.6516349316
Epoch: 2, Train Loss: 0.811026956818, Valid Loss: 0.766865235025, Average Time Per Epoch: 56.0845224857
Epoch: 3, Train Loss: 0.679319415309, Valid Loss: 0.75596302531, Average Time Per Epoch: 50.8161602815
Epoch: 4, Train Loss: 0.624053464153, Valid Loss: 0.675284794244, Average Time Per Epoch: 47.985123992
Epoch: 5, Train Loss: 0.571901635148, Valid Loss: 0.641403330456, Average Time Per Epoch: 46.291132164
Epoch: 6, Train Loss: 0.534748219089, Valid Loss: 0.672083199024, Average Time Per Epoch: 45.1713413
Valid loss increased for the first time, will start saving models
Epoch: 7, Train Loss: 0.500037041577, Valid Loss: 0.603276383877, Average Time Per Epoch: 45.767711401
Best loss so far encountered, saving model.
Epoch: 8, Train Loss: 0.469228846648, Valid Loss: 0.593218939955, Average Time Per Epoch: 46.0688153505
Best loss so far encountered, saving model.
Epoch: 9, Train Loss: 0.451016440446, Valid Loss: 0.579951261932, Average Time Per Epoch: 46.3787142171
Best loss so far encountered, saving model.
Epoch: 10, Train Loss: 0.435861383108, Valid Loss: 0.60935966535, Average Time Per Epoch: 46.6364691973
Epoch: 11, Train Loss: 0.420810615813, Valid Loss: 0.578958983855, Average Time Per Epoch: 45.9970013445
Best loss so far encountered, saving model.
Epoch: 12, Train Loss: 0.404742096364, Valid Loss: 0.645292467421, Average Time Per Epoch: 46.2548025648
Epoch: 13, Train Loss: 0.393143122643, Valid Loss: 0.569892145829, Average Time Per Epoch: 45.7520718391
Best loss so far encountered, saving model.
Epoch: 14, Train Loss: 0.382051637904, Valid Loss: 0.616397933526, Average Time Per Epoch: 45.9303234134
Epoch: 15, Train Loss: 0.370210571181, Valid Loss: 0.565607174418, Average Time Per Epoch: 45.5097583294
Best loss so far encountered, saving model.
Epoch: 16, Train Loss: 0.36519618075, Valid Loss: 0.593148520318, Average Time Per Epoch: 45.7721194923
Epoch: 17, Train Loss: 0.35435720672, Valid Loss: 0.595703429526, Average Time Per Epoch: 45.406618525
Epoch: 18, Train Loss: 0.341319431026, Valid Loss: 0.560759273984, Average Time Per Epoch: 45.0889605549
Best loss so far encountered, saving model.
Epoch: 19, Train Loss: 0.340615533495, Valid Loss: 0.55468937863, Average Time Per Epoch: 45.322926835
Best loss so far encountered, saving model.
Epoch: 20, Train Loss: 0.334957546131, Valid Loss: 0.563977002014, Average Time Per Epoch: 45.4814678431
Epoch: 21, Train Loss: 0.328189375929, Valid Loss: 0.646940450777, Average Time Per Epoch: 45.2094547067
Epoch: 22, Train Loss: 0.323431380025, Valid Loss: 0.57532745979, Average Time Per Epoch: 44.9578748616
Epoch: 23, Train Loss: 0.317509544912, Valid Loss: 0.556540001522, Average Time Per Epoch: 44.7326192545
Epoch: 24, Train Loss: 0.315257078375, Valid Loss: 0.56880373738, Average Time Per Epoch: 44.5194186668
Epoch: 25, Train Loss: 0.308817572468, Valid Loss: 0.561327448216, Average Time Per Epoch: 44.3258718777
Epoch: 26, Train Loss: 0.303706176206, Valid Loss: 0.685947348855, Average Time Per Epoch: 44.1721850359
Epoch: 27, Train Loss: 0.297944013944, Valid Loss: 0.681554873965, Average Time Per Epoch: 44.0050223315
Epoch: 28, Train Loss: 0.299018010158, Valid Loss: 0.63665004481, Average Time Per Epoch: 43.8553071788
Epoch: 29, Train Loss: 0.292956349355, Valid Loss: 0.558025567098, Average Time Per Epoch: 43.7127093776
Valid loss hasnt improved for 10 epochs
Config Num Layers: 1, Hidden Size: 200, Melody Coeff: 0.5, Dropout Prob: 0.5, Input Dropout Prob: 1, Cell Type: LSTM, Time Batch Len: 128, Learning Rate: 0.005, Decay: 0.5, Loss: 0.55468937863
Found best new model!
Best Config: Num Layers: 1, Hidden Size: 200, Melody Coeff: 0.5, Dropout Prob: 0.5, Input Dropout Prob: 1, Cell Type: LSTM, Time Batch Len: 128, Learning Rate: 0.005, Decay: 0.5, Loss: 0.55468937863
Num Layers: 2, Hidden Size: 100, Melody Coeff: 0.5, Dropout Prob: 1, Input Dropout Prob: 1, Cell Type: LSTM, Time Batch Len: 128, Learning Rate: 0.005, Decay: 0.5
Epoch: 1, Train Loss: 1.31555078571, Valid Loss: 1.13525488593, Average Time Per Epoch: 90.0089850426
Epoch: 2, Train Loss: 0.893304536559, Valid Loss: 0.837688029896, Average Time Per Epoch: 69.7763115168
Epoch: 3, Train Loss: 0.705787647854, Valid Loss: 0.764599312435, Average Time Per Epoch: 63.0442066193
Epoch: 4, Train Loss: 0.600618303906, Valid Loss: 0.799183795669, Average Time Per Epoch: 59.6460057497
Valid loss increased for the first time, will start saving models
Epoch: 5, Train Loss: 0.538358105042, Valid Loss: 0.722810447758, Average Time Per Epoch: 60.9799357891
Best loss so far encountered, saving model.
Epoch: 6, Train Loss: 0.497207475657, Valid Loss: 0.671560487964, Average Time Per Epoch: 61.9581420024
Best loss so far encountered, saving model.
Epoch: 7, Train Loss: 0.463471131298, Valid Loss: 0.694670938904, Average Time Per Epoch: 62.6881732941
Epoch: 8, Train Loss: 0.434755322811, Valid Loss: 0.66676689278, Average Time Per Epoch: 61.0422012508
Best loss so far encountered, saving model.
Epoch: 9, Train Loss: 0.410551515255, Valid Loss: 0.704081437804, Average Time Per Epoch: 61.7065543334
Epoch: 10, Train Loss: 0.390297521922, Valid Loss: 0.732809358293, Average Time Per Epoch: 60.4888439894
Epoch: 11, Train Loss: 0.368433563648, Valid Loss: 0.734300395575, Average Time Per Epoch: 59.4903021726
Epoch: 12, Train Loss: 0.356957353482, Valid Loss: 0.686765635555, Average Time Per Epoch: 58.6695963343
Epoch: 13, Train Loss: 0.339497058788, Valid Loss: 0.706065026197, Average Time Per Epoch: 57.9613596109
Epoch: 14, Train Loss: 0.328704880906, Valid Loss: 0.650027689067, Average Time Per Epoch: 57.3652282102
Best loss so far encountered, saving model.
Epoch: 15, Train Loss: 0.317712798122, Valid Loss: 0.758954928138, Average Time Per Epoch: 58.016505003
Epoch: 16, Train Loss: 0.307284129216, Valid Loss: 0.78794673898, Average Time Per Epoch: 57.4817941189
Epoch: 17, Train Loss: 0.299938665652, Valid Loss: 0.696337612651, Average Time Per Epoch: 57.0164811751
Epoch: 18, Train Loss: 0.285675994061, Valid Loss: 0.744863949039, Average Time Per Epoch: 56.6063451635
Epoch: 19, Train Loss: 0.280449655635, Valid Loss: 0.738772095875, Average Time Per Epoch: 56.231664256
Epoch: 20, Train Loss: 0.272441133505, Valid Loss: 0.678756444563, Average Time Per Epoch: 55.9015383482
Epoch: 21, Train Loss: 0.259180143234, Valid Loss: 0.762480022691, Average Time Per Epoch: 55.5971977143
Epoch: 22, Train Loss: 0.258248781612, Valid Loss: 0.750451983105, Average Time Per Epoch: 55.3176395893
Epoch: 23, Train Loss: 0.248769618871, Valid Loss: 0.80230391459, Average Time Per Epoch: 55.0661016962
Epoch: 24, Train Loss: 0.244352292843, Valid Loss: 0.67551182671, Average Time Per Epoch: 54.8413452506
Valid loss hasnt improved for 10 epochs
Config Num Layers: 2, Hidden Size: 100, Melody Coeff: 0.5, Dropout Prob: 1, Input Dropout Prob: 1, Cell Type: LSTM, Time Batch Len: 128, Learning Rate: 0.005, Decay: 0.5, Loss: 0.650027689067
Best Config: Num Layers: 1, Hidden Size: 200, Melody Coeff: 0.5, Dropout Prob: 0.5, Input Dropout Prob: 1, Cell Type: LSTM, Time Batch Len: 128, Learning Rate: 0.005, Decay: 0.5, Loss: 0.55468937863
Num Layers: 2, Hidden Size: 100, Melody Coeff: 0.5, Dropout Prob: 0.75, Input Dropout Prob: 1, Cell Type: LSTM, Time Batch Len: 128, Learning Rate: 0.005, Decay: 0.5
Epoch: 1, Train Loss: 1.44466566389, Valid Loss: 1.1495395953, Average Time Per Epoch: 90.1263070107
Epoch: 2, Train Loss: 0.997218883038, Valid Loss: 0.910920259086, Average Time Per Epoch: 69.7170729637
Epoch: 3, Train Loss: 0.831577096202, Valid Loss: 0.802260865948, Average Time Per Epoch: 62.9616663456
Epoch: 4, Train Loss: 0.729894577915, Valid Loss: 0.737453857877, Average Time Per Epoch: 59.5818662643
Epoch: 5, Train Loss: 0.652250198884, Valid Loss: 0.727716199376, Average Time Per Epoch: 57.7100488186
Epoch: 6, Train Loss: 0.604712465405, Valid Loss: 0.762752761624, Average Time Per Epoch: 56.329124848
Valid loss increased for the first time, will start saving models
Epoch: 7, Train Loss: 0.570418461344, Valid Loss: 0.650350430337, Average Time Per Epoch: 57.9589951379
Best loss so far encountered, saving model.
Epoch: 8, Train Loss: 0.536741694943, Valid Loss: 0.667885679007, Average Time Per Epoch: 58.9004864991
Epoch: 9, Train Loss: 0.508000288633, Valid Loss: 0.679491382837, Average Time Per Epoch: 57.9856762091
Epoch: 10, Train Loss: 0.488088145175, Valid Loss: 0.660827494209, Average Time Per Epoch: 57.1322520971
Epoch: 11, Train Loss: 0.464559275183, Valid Loss: 0.641082556139, Average Time Per Epoch: 56.4429687153
Best loss so far encountered, saving model.
Epoch: 12, Train Loss: 0.444030224058, Valid Loss: 0.593307637085, Average Time Per Epoch: 57.3617345889
Best loss so far encountered, saving model.
Epoch: 13, Train Loss: 0.433534295044, Valid Loss: 0.596726553007, Average Time Per Epoch: 58.0208525291
Epoch: 14, Train Loss: 0.417169650576, Valid Loss: 0.598555714434, Average Time Per Epoch: 57.4208673579
Epoch: 15, Train Loss: 0.405330971764, Valid Loss: 0.61152743643, Average Time Per Epoch: 56.8995931307
Epoch: 16, Train Loss: 0.396183921261, Valid Loss: 0.584135097265, Average Time Per Epoch: 56.4375523776
Best loss so far encountered, saving model.
Epoch: 17, Train Loss: 0.38479120054, Valid Loss: 0.585761983286, Average Time Per Epoch: 57.0685261698
Epoch: 18, Train Loss: 0.376667379249, Valid Loss: 0.590451715751, Average Time Per Epoch: 56.6522689395
Epoch: 19, Train Loss: 0.365911895274, Valid Loss: 0.684770665927, Average Time Per Epoch: 56.2816366271
Epoch: 20, Train Loss: 0.358605202084, Valid Loss: 0.580857643214, Average Time Per Epoch: 55.9489331484
Best loss so far encountered, saving model.
Epoch: 21, Train Loss: 0.355584772101, Valid Loss: 0.665921071443, Average Time Per Epoch: 56.5053836618
Epoch: 22, Train Loss: 0.354472764226, Valid Loss: 0.590515312282, Average Time Per Epoch: 56.1896961819
Epoch: 23, Train Loss: 0.342578948865, Valid Loss: 0.667676486752, Average Time Per Epoch: 55.9036255194
Epoch: 24, Train Loss: 0.334759557857, Valid Loss: 0.661655226621, Average Time Per Epoch: 55.6443126202
Epoch: 25, Train Loss: 0.33211038011, Valid Loss: 0.685428485003, Average Time Per Epoch: 55.4028907967
Epoch: 26, Train Loss: 0.328337111832, Valid Loss: 0.59041511579, Average Time Per Epoch: 55.1757433048
Epoch: 27, Train Loss: 0.324538265829, Valid Loss: 0.570154382424, Average Time Per Epoch: 54.9731930715
Best loss so far encountered, saving model.
Epoch: 28, Train Loss: 0.32113423615, Valid Loss: 0.57563509616, Average Time Per Epoch: 55.4274661796
Epoch: 29, Train Loss: 0.319425067695, Valid Loss: 0.607515621185, Average Time Per Epoch: 55.228695927
Epoch: 30, Train Loss: 0.314713123729, Valid Loss: 0.575494356589, Average Time Per Epoch: 55.0458166361
Epoch: 31, Train Loss: 0.311855361915, Valid Loss: 0.599296390468, Average Time Per Epoch: 54.8705647761
Epoch: 32, Train Loss: 0.305234065838, Valid Loss: 0.701411261342, Average Time Per Epoch: 54.7077500001
Epoch: 33, Train Loss: 0.309510862726, Valid Loss: 0.578250735998, Average Time Per Epoch: 54.5550817576
Epoch: 34, Train Loss: 0.301805612259, Valid Loss: 0.563470222733, Average Time Per Epoch: 54.4133599997
Best loss so far encountered, saving model.
Epoch: 35, Train Loss: 0.302547155117, Valid Loss: 0.574485143748, Average Time Per Epoch: 54.8101721968
Epoch: 36, Train Loss: 0.299428351427, Valid Loss: 0.610682014444, Average Time Per Epoch: 54.671337386
Epoch: 37, Train Loss: 0.295762977986, Valid Loss: 0.614855543592, Average Time Per Epoch: 54.5364445931
Epoch: 38, Train Loss: 0.290070061589, Valid Loss: 0.590283791585, Average Time Per Epoch: 54.4101911846
Epoch: 39, Train Loss: 0.292545551163, Valid Loss: 0.630886387825, Average Time Per Epoch: 54.3017821251
Epoch: 40, Train Loss: 0.29086332736, Valid Loss: 0.574484846267, Average Time Per Epoch: 54.1877335489
Epoch: 41, Train Loss: 0.28809760135, Valid Loss: 0.620847683603, Average Time Per Epoch: 54.080050387
Epoch: 42, Train Loss: 0.285505940901, Valid Loss: 0.575336539203, Average Time Per Epoch: 53.9806097859
Epoch: 43, Train Loss: 0.285743644546, Valid Loss: 0.610386037827, Average Time Per Epoch: 53.8854564401
Epoch: 44, Train Loss: 0.27979272731, Valid Loss: 0.71958935315, Average Time Per Epoch: 53.7908901789
Valid loss hasnt improved for 10 epochs
Config Num Layers: 2, Hidden Size: 100, Melody Coeff: 0.5, Dropout Prob: 0.75, Input Dropout Prob: 1, Cell Type: LSTM, Time Batch Len: 128, Learning Rate: 0.005, Decay: 0.5, Loss: 0.563470222733
Best Config: Num Layers: 1, Hidden Size: 200, Melody Coeff: 0.5, Dropout Prob: 0.5, Input Dropout Prob: 1, Cell Type: LSTM, Time Batch Len: 128, Learning Rate: 0.005, Decay: 0.5, Loss: 0.55468937863
Num Layers: 2, Hidden Size: 100, Melody Coeff: 0.5, Dropout Prob: 0.5, Input Dropout Prob: 1, Cell Type: LSTM, Time Batch Len: 128, Learning Rate: 0.005, Decay: 0.5
Epoch: 1, Train Loss: 1.41666548252, Valid Loss: 1.14144061262, Average Time Per Epoch: 90.0572330952
Epoch: 2, Train Loss: 1.081059108, Valid Loss: 0.931302967939, Average Time Per Epoch: 69.7418775558
Epoch: 3, Train Loss: 0.932269779119, Valid Loss: 0.962421044436, Average Time Per Epoch: 63.0423013369
Valid loss increased for the first time, will start saving models
Epoch: 4, Train Loss: 0.849591077458, Valid Loss: 0.954030239582, Average Time Per Epoch: 64.157328248
Epoch: 5, Train Loss: 0.773040052977, Valid Loss: 0.7970517126, Average Time Per Epoch: 61.2287476063
Best loss so far encountered, saving model.
Epoch: 6, Train Loss: 0.712283020128, Valid Loss: 0.706662892212, Average Time Per Epoch: 62.2282735109
Best loss so far encountered, saving model.
Epoch: 7, Train Loss: 0.6649717526, Valid Loss: 0.657002958926, Average Time Per Epoch: 62.6982028484
Best loss so far encountered, saving model.
Epoch: 8, Train Loss: 0.632043060931, Valid Loss: 0.65233269388, Average Time Per Epoch: 63.1976983845
Best loss so far encountered, saving model.
Epoch: 9, Train Loss: 0.606561041691, Valid Loss: 0.636877020923, Average Time Per Epoch: 63.8076948855
Best loss so far encountered, saving model.
Epoch: 10, Train Loss: 0.571751350164, Valid Loss: 0.642743306268, Average Time Per Epoch: 64.0023588896
Epoch: 11, Train Loss: 0.562491002137, Valid Loss: 0.606636326421, Average Time Per Epoch: 62.6722210104
Best loss so far encountered, saving model.
Epoch: 12, Train Loss: 0.540835568038, Valid Loss: 0.620537914471, Average Time Per Epoch: 63.056456089
Epoch: 13, Train Loss: 0.524935706366, Valid Loss: 0.641160844673, Average Time Per Epoch: 62.0104486942
Epoch: 14, Train Loss: 0.519924401966, Valid Loss: 0.605072766001, Average Time Per Epoch: 61.1199886458
Best loss so far encountered, saving model.
Epoch: 15, Train Loss: 0.51010961072, Valid Loss: 0.593649237264, Average Time Per Epoch: 61.5616417408
Best loss so far encountered, saving model.
Epoch: 16, Train Loss: 0.499145376411, Valid Loss: 0.598082786798, Average Time Per Epoch: 61.827903375
Epoch: 17, Train Loss: 0.48880505765, Valid Loss: 0.582704596086, Average Time Per Epoch: 61.1097781237
Best loss so far encountered, saving model.
Epoch: 18, Train Loss: 0.483594876257, Valid Loss: 0.62609891458, Average Time Per Epoch: 61.4381975598
Epoch: 19, Train Loss: 0.472787795148, Valid Loss: 0.636174387823, Average Time Per Epoch: 60.8147073169
Epoch: 20, Train Loss: 0.471438959241, Valid Loss: 0.571172592857, Average Time Per Epoch: 60.2565108538
Best loss so far encountered, saving model.
Epoch: 21, Train Loss: 0.465016917207, Valid Loss: 0.577807765657, Average Time Per Epoch: 60.5930568604
Epoch: 22, Train Loss: 0.459177775816, Valid Loss: 0.576912385225, Average Time Per Epoch: 60.0956293236
Epoch: 23, Train Loss: 0.449939628623, Valid Loss: 0.669852824103, Average Time Per Epoch: 59.6424640469
Epoch: 24, Train Loss: 0.448058042201, Valid Loss: 0.583993098953, Average Time Per Epoch: 59.228473713
Epoch: 25, Train Loss: 0.442738377912, Valid Loss: 0.602897617492, Average Time Per Epoch: 58.8636410046
Epoch: 26, Train Loss: 0.437345452742, Valid Loss: 0.599037446759, Average Time Per Epoch: 58.5083416517
Epoch: 27, Train Loss: 0.432978593761, Valid Loss: 0.639127793637, Average Time Per Epoch: 58.1796535209
Epoch: 28, Train Loss: 0.433034661412, Valid Loss: 0.637466582927, Average Time Per Epoch: 57.8758506775
Epoch: 29, Train Loss: 0.426893844794, Valid Loss: 0.634226465225, Average Time Per Epoch: 57.5913393086
Epoch: 30, Train Loss: 0.42053305947, Valid Loss: 0.587244308537, Average Time Per Epoch: 57.3256801685
Valid loss hasnt improved for 10 epochs
Config Num Layers: 2, Hidden Size: 100, Melody Coeff: 0.5, Dropout Prob: 0.5, Input Dropout Prob: 1, Cell Type: LSTM, Time Batch Len: 128, Learning Rate: 0.005, Decay: 0.5, Loss: 0.571172592857
Best Config: Num Layers: 1, Hidden Size: 200, Melody Coeff: 0.5, Dropout Prob: 0.5, Input Dropout Prob: 1, Cell Type: LSTM, Time Batch Len: 128, Learning Rate: 0.005, Decay: 0.5, Loss: 0.55468937863
Num Layers: 2, Hidden Size: 150, Melody Coeff: 0.5, Dropout Prob: 1, Input Dropout Prob: 1, Cell Type: LSTM, Time Batch Len: 128, Learning Rate: 0.005, Decay: 0.5
Epoch: 1, Train Loss: 1.29995243007, Valid Loss: 1.10798621611, Average Time Per Epoch: 120.875766039
Epoch: 2, Train Loss: 0.85927877101, Valid Loss: 0.856247904084, Average Time Per Epoch: 93.2587075233
Epoch: 3, Train Loss: 0.661170119589, Valid Loss: 0.77910399437, Average Time Per Epoch: 84.073129336
Epoch: 4, Train Loss: 0.569649820436, Valid Loss: 0.707883349332, Average Time Per Epoch: 79.5044810176
Epoch: 5, Train Loss: 0.50421789722, Valid Loss: 0.675653525916, Average Time Per Epoch: 76.753283596
Epoch: 6, Train Loss: 0.45743869367, Valid Loss: 0.707868818261, Average Time Per Epoch: 74.9275851647
Valid loss increased for the first time, will start saving models
Epoch: 7, Train Loss: 0.416325260902, Valid Loss: 0.67768288905, Average Time Per Epoch: 76.140275853
Epoch: 8, Train Loss: 0.385279450769, Valid Loss: 0.700277649273, Average Time Per Epoch: 75.0001446307
Epoch: 9, Train Loss: 0.357801255821, Valid Loss: 0.645091492479, Average Time Per Epoch: 73.9756068918
Best loss so far encountered, saving model.
Epoch: 10, Train Loss: 0.334382334521, Valid Loss: 0.726171534712, Average Time Per Epoch: 74.9514460087
Epoch: 11, Train Loss: 0.317637439631, Valid Loss: 0.632562727278, Average Time Per Epoch: 74.1180810061
Best loss so far encountered, saving model.
Epoch: 12, Train Loss: 0.298719296706, Valid Loss: 0.699408402226, Average Time Per Epoch: 74.7837355137
Epoch: 13, Train Loss: 0.285973858884, Valid Loss: 0.692535054142, Average Time Per Epoch: 74.0893848493
Epoch: 14, Train Loss: 0.266934803679, Valid Loss: 0.737092641809, Average Time Per Epoch: 73.4946607181
Epoch: 15, Train Loss: 0.262430922966, Valid Loss: 0.725269411369, Average Time Per Epoch: 72.9889432112
Epoch: 16, Train Loss: 0.244796551959, Valid Loss: 0.78223923228, Average Time Per Epoch: 72.5392381251
Epoch: 17, Train Loss: 0.239304163773, Valid Loss: 0.695975562659, Average Time Per Epoch: 72.1431979993
Epoch: 18, Train Loss: 0.228887828042, Valid Loss: 0.737548525767, Average Time Per Epoch: 71.7965322203
Epoch: 19, Train Loss: 0.217546831241, Valid Loss: 0.798457897793, Average Time Per Epoch: 71.4849972097
Epoch: 20, Train Loss: 0.216657767997, Valid Loss: 0.704006355459, Average Time Per Epoch: 71.2045127988
Epoch: 21, Train Loss: 0.203739078301, Valid Loss: 0.82381888628, Average Time Per Epoch: 70.9551228569
Valid loss hasnt improved for 10 epochs
Config Num Layers: 2, Hidden Size: 150, Melody Coeff: 0.5, Dropout Prob: 1, Input Dropout Prob: 1, Cell Type: LSTM, Time Batch Len: 128, Learning Rate: 0.005, Decay: 0.5, Loss: 0.632562727278
Best Config: Num Layers: 1, Hidden Size: 200, Melody Coeff: 0.5, Dropout Prob: 0.5, Input Dropout Prob: 1, Cell Type: LSTM, Time Batch Len: 128, Learning Rate: 0.005, Decay: 0.5, Loss: 0.55468937863
Num Layers: 2, Hidden Size: 150, Melody Coeff: 0.5, Dropout Prob: 0.75, Input Dropout Prob: 1, Cell Type: LSTM, Time Batch Len: 128, Learning Rate: 0.005, Decay: 0.5
Epoch: 1, Train Loss: 1.29378186356, Valid Loss: 1.06949079037, Average Time Per Epoch: 121.256467104
Epoch: 2, Train Loss: 0.905727240172, Valid Loss: 0.936479318142, Average Time Per Epoch: 93.5116560459
Epoch: 3, Train Loss: 0.768050107089, Valid Loss: 0.758020525629, Average Time Per Epoch: 84.3007813295
Epoch: 4, Train Loss: 0.665783588995, Valid Loss: 0.702308329127, Average Time Per Epoch: 79.6722087264
Epoch: 5, Train Loss: 0.599124902758, Valid Loss: 0.671762929721, Average Time Per Epoch: 76.9402982235
Epoch: 6, Train Loss: 0.551275109703, Valid Loss: 0.649617249857, Average Time Per Epoch: 75.0953789949
Epoch: 7, Train Loss: 0.506292811307, Valid Loss: 0.701893836802, Average Time Per Epoch: 73.7693577153
Valid loss increased for the first time, will start saving models
Epoch: 8, Train Loss: 0.471775027839, Valid Loss: 0.640977974371, Average Time Per Epoch: 75.0681513846
Best loss so far encountered, saving model.
Epoch: 9, Train Loss: 0.436811312491, Valid Loss: 0.595096604391, Average Time Per Epoch: 76.0384742154
Best loss so far encountered, saving model.
Epoch: 10, Train Loss: 0.413453037834, Valid Loss: 0.585597323288, Average Time Per Epoch: 76.6325030088
Best loss so far encountered, saving model.
Epoch: 11, Train Loss: 0.396088395031, Valid Loss: 0.612632524967, Average Time Per Epoch: 77.2612372745
Epoch: 12, Train Loss: 0.376791301912, Valid Loss: 0.584575389732, Average Time Per Epoch: 76.3169321616
Best loss so far encountered, saving model.
Epoch: 13, Train Loss: 0.363902608678, Valid Loss: 0.570678840984, Average Time Per Epoch: 76.8918284636
Best loss so far encountered, saving model.
Epoch: 14, Train Loss: 0.350713289732, Valid Loss: 0.616441748901, Average Time Per Epoch: 77.3912107944
Epoch: 15, Train Loss: 0.337168663198, Valid Loss: 0.569090789015, Average Time Per Epoch: 76.6243491332
Best loss so far encountered, saving model.
Epoch: 16, Train Loss: 0.325671148893, Valid Loss: 0.695982114293, Average Time Per Epoch: 76.9773108065
Epoch: 17, Train Loss: 0.317488616299, Valid Loss: 0.690760770169, Average Time Per Epoch: 76.3345378287
Epoch: 18, Train Loss: 0.305265324241, Valid Loss: 0.677390073104, Average Time Per Epoch: 75.757835163
Epoch: 19, Train Loss: 0.301457732526, Valid Loss: 0.680695172873, Average Time Per Epoch: 75.2435994776
Epoch: 20, Train Loss: 0.294735531153, Valid Loss: 0.71370658441, Average Time Per Epoch: 74.7718525052
Epoch: 21, Train Loss: 0.288241782175, Valid Loss: 0.683852957595, Average Time Per Epoch: 74.5977209068
Epoch: 22, Train Loss: 0.280085678432, Valid Loss: 0.600190254775, Average Time Per Epoch: 74.2131130045
Epoch: 23, Train Loss: 0.27325866009, Valid Loss: 0.566088123755, Average Time Per Epoch: 73.8523362616
Best loss so far encountered, saving model.
Epoch: 24, Train Loss: 0.270032778924, Valid Loss: 0.676181653413, Average Time Per Epoch: 74.2887874544
Epoch: 25, Train Loss: 0.266357558576, Valid Loss: 0.613439620083, Average Time Per Epoch: 73.955047245
Epoch: 26, Train Loss: 0.261080672744, Valid Loss: 0.564719246192, Average Time Per Epoch: 73.6483295422
Best loss so far encountered, saving model.
Epoch: 27, Train Loss: 0.260437689214, Valid Loss: 0.572738038952, Average Time Per Epoch: 74.0307248169
Epoch: 28, Train Loss: 0.253792746196, Valid Loss: 0.569233153625, Average Time Per Epoch: 73.7452781456
Epoch: 29, Train Loss: 0.250022321228, Valid Loss: 0.635557357831, Average Time Per Epoch: 73.5162121016
Epoch: 30, Train Loss: 0.244772986721, Valid Loss: 0.657694003799, Average Time Per Epoch: 73.2648491303
Epoch: 31, Train Loss: 0.240852016583, Valid Loss: 0.565216833353, Average Time Per Epoch: 73.0349617773
Epoch: 32, Train Loss: 0.238331334886, Valid Loss: 0.685751784932, Average Time Per Epoch: 72.8369151875
Epoch: 33, Train Loss: 0.237493903122, Valid Loss: 0.603907578642, Average Time Per Epoch: 72.6347008185
Epoch: 34, Train Loss: 0.231567060744, Valid Loss: 0.565295175531, Average Time Per Epoch: 72.4451755005
Epoch: 35, Train Loss: 0.230834143363, Valid Loss: 0.67594731125, Average Time Per Epoch: 72.2664486
Epoch: 36, Train Loss: 0.230310939303, Valid Loss: 0.609623081034, Average Time Per Epoch: 72.0971049468
Valid loss hasnt improved for 10 epochs
Config Num Layers: 2, Hidden Size: 150, Melody Coeff: 0.5, Dropout Prob: 0.75, Input Dropout Prob: 1, Cell Type: LSTM, Time Batch Len: 128, Learning Rate: 0.005, Decay: 0.5, Loss: 0.564719246192
Best Config: Num Layers: 1, Hidden Size: 200, Melody Coeff: 0.5, Dropout Prob: 0.5, Input Dropout Prob: 1, Cell Type: LSTM, Time Batch Len: 128, Learning Rate: 0.005, Decay: 0.5, Loss: 0.55468937863
Num Layers: 2, Hidden Size: 150, Melody Coeff: 0.5, Dropout Prob: 0.5, Input Dropout Prob: 1, Cell Type: LSTM, Time Batch Len: 128, Learning Rate: 0.005, Decay: 0.5
Epoch: 1, Train Loss: 1.31501061808, Valid Loss: 1.07039488121, Average Time Per Epoch: 119.892261982
Epoch: 2, Train Loss: 0.987573323467, Valid Loss: 0.840636938268, Average Time Per Epoch: 92.6815079451
Epoch: 3, Train Loss: 0.837795462392, Valid Loss: 0.775005441362, Average Time Per Epoch: 83.587451299
Epoch: 4, Train Loss: 0.7369543146, Valid Loss: 0.735733238675, Average Time Per Epoch: 79.1036880016
Epoch: 5, Train Loss: 0.667170975425, Valid Loss: 0.736214434017, Average Time Per Epoch: 76.3903909683
Valid loss increased for the first time, will start saving models
Epoch: 6, Train Loss: 0.619220040061, Valid Loss: 0.653401797468, Average Time Per Epoch: 78.4665839672
Best loss so far encountered, saving model.
Epoch: 7, Train Loss: 0.567175976797, Valid Loss: 0.644190734083, Average Time Per Epoch: 79.4901911191
Best loss so far encountered, saving model.
Epoch: 8, Train Loss: 0.550729245489, Valid Loss: 0.626877295429, Average Time Per Epoch: 80.2792177498
Best loss so far encountered, saving model.
Epoch: 9, Train Loss: 0.518548208746, Valid Loss: 0.596830188144, Average Time Per Epoch: 80.692246543
Best loss so far encountered, saving model.
Epoch: 10, Train Loss: 0.499084190618, Valid Loss: 0.588446334817, Average Time Per Epoch: 81.3606035948
Best loss so far encountered, saving model.
Epoch: 11, Train Loss: 0.475650009513, Valid Loss: 0.567111511664, Average Time Per Epoch: 81.6251639019
Best loss so far encountered, saving model.
Epoch: 12, Train Loss: 0.461624940823, Valid Loss: 0.581250781363, Average Time Per Epoch: 81.9704764088
Epoch: 13, Train Loss: 0.45132275752, Valid Loss: 0.580061349002, Average Time Per Epoch: 80.8830460768
Epoch: 14, Train Loss: 0.44039365595, Valid Loss: 0.571155302633, Average Time Per Epoch: 79.960133212
Epoch: 15, Train Loss: 0.424615143917, Valid Loss: 0.57955147624, Average Time Per Epoch: 79.147861592
Epoch: 16, Train Loss: 0.416608979688, Valid Loss: 0.565468214317, Average Time Per Epoch: 78.4510279894
Best loss so far encountered, saving model.
Epoch: 17, Train Loss: 0.40748480599, Valid Loss: 0.57687918002, Average Time Per Epoch: 79.0462554623
Epoch: 18, Train Loss: 0.397115098143, Valid Loss: 0.620224758712, Average Time Per Epoch: 78.4886152744
Epoch: 19, Train Loss: 0.390630932085, Valid Loss: 0.563610845804, Average Time Per Epoch: 77.9469617793
Best loss so far encountered, saving model.
Epoch: 20, Train Loss: 0.390134080703, Valid Loss: 0.570633569631, Average Time Per Epoch: 78.3540418983
Epoch: 21, Train Loss: 0.376955234429, Valid Loss: 0.635349768942, Average Time Per Epoch: 77.8448919455
Epoch: 22, Train Loss: 0.371684438837, Valid Loss: 0.563888230107, Average Time Per Epoch: 77.3800376329
Epoch: 23, Train Loss: 0.368922496858, Valid Loss: 0.57745320797, Average Time Per Epoch: 76.9532378653
Epoch: 24, Train Loss: 0.362556789341, Valid Loss: 0.590372196111, Average Time Per Epoch: 76.5708510379
Epoch: 25, Train Loss: 0.359357986633, Valid Loss: 0.554373301701, Average Time Per Epoch: 76.2098803139
Best loss so far encountered, saving model.
Epoch: 26, Train Loss: 0.349564361572, Valid Loss: 0.555605496602, Average Time Per Epoch: 76.5123086526
Epoch: 27, Train Loss: 0.348183988543, Valid Loss: 0.58893270926, Average Time Per Epoch: 76.1813421073
Epoch: 28, Train Loss: 0.344027639485, Valid Loss: 0.550832433592, Average Time Per Epoch: 75.8689641356
Best loss so far encountered, saving model.
Epoch: 29, Train Loss: 0.341170413758, Valid Loss: 0.541601745649, Average Time Per Epoch: 76.2020398255
Best loss so far encountered, saving model.
Epoch: 30, Train Loss: 0.336001967469, Valid Loss: 0.553320273486, Average Time Per Epoch: 76.5150372664
Epoch: 31, Train Loss: 0.331843553991, Valid Loss: 0.544443705407, Average Time Per Epoch: 76.2238121879
Epoch: 32, Train Loss: 0.329683183811, Valid Loss: 0.581572034142, Average Time Per Epoch: 75.9569951221
Epoch: 33, Train Loss: 0.324984384227, Valid Loss: 0.639863521944, Average Time Per Epoch: 75.7080332366
Epoch: 34, Train Loss: 0.323886524141, Valid Loss: 0.557239904187, Average Time Per Epoch: 75.4705948199
Epoch: 35, Train Loss: 0.318937499279, Valid Loss: 0.572486011007, Average Time Per Epoch: 75.2457111086
Epoch: 36, Train Loss: 0.312241430039, Valid Loss: 0.656955492496, Average Time Per Epoch: 75.0347665548
Epoch: 37, Train Loss: 0.317313538661, Valid Loss: 0.552501183206, Average Time Per Epoch: 74.8553061614
Epoch: 38, Train Loss: 0.310325551676, Valid Loss: 0.648494011164, Average Time Per Epoch: 74.6641380787
Epoch: 39, Train Loss: 0.306793156571, Valid Loss: 0.557216798717, Average Time Per Epoch: 74.4827486919
Valid loss hasnt improved for 10 epochs
Config Num Layers: 2, Hidden Size: 150, Melody Coeff: 0.5, Dropout Prob: 0.5, Input Dropout Prob: 1, Cell Type: LSTM, Time Batch Len: 128, Learning Rate: 0.005, Decay: 0.5, Loss: 0.541601745649
Found best new model!
Best Config: Num Layers: 2, Hidden Size: 150, Melody Coeff: 0.5, Dropout Prob: 0.5, Input Dropout Prob: 1, Cell Type: LSTM, Time Batch Len: 128, Learning Rate: 0.005, Decay: 0.5, Loss: 0.541601745649
Num Layers: 2, Hidden Size: 200, Melody Coeff: 0.5, Dropout Prob: 1, Input Dropout Prob: 1, Cell Type: LSTM, Time Batch Len: 128, Learning Rate: 0.005, Decay: 0.5
Epoch: 1, Train Loss: 1.38877546787, Valid Loss: 1.07742542895, Average Time Per Epoch: 164.152915001
Epoch: 2, Train Loss: 0.853961211985, Valid Loss: 0.829726185582, Average Time Per Epoch: 126.420041442
Epoch: 3, Train Loss: 0.636950554631, Valid Loss: 0.717820699648, Average Time Per Epoch: 113.927515666
Epoch: 4, Train Loss: 0.534541098367, Valid Loss: 0.667241540822, Average Time Per Epoch: 107.656478226
Epoch: 5, Train Loss: 0.468124048954, Valid Loss: 0.669730002772, Average Time Per Epoch: 103.870386791
Valid loss increased for the first time, will start saving models
Epoch: 6, Train Loss: 0.412285685472, Valid Loss: 0.764350862937, Average Time Per Epoch: 104.448125799
Epoch: 7, Train Loss: 0.37907776819, Valid Loss: 0.72570161386, Average Time Per Epoch: 102.432842834
Epoch: 8, Train Loss: 0.348169754784, Valid Loss: 0.633753521334, Average Time Per Epoch: 100.731996477
Best loss so far encountered, saving model.
Epoch: 9, Train Loss: 0.317898443985, Valid Loss: 0.67109949643, Average Time Per Epoch: 101.203880548
Epoch: 10, Train Loss: 0.288262625183, Valid Loss: 0.724722654169, Average Time Per Epoch: 99.9704763889
Epoch: 11, Train Loss: 0.273222536001, Valid Loss: 0.739962832494, Average Time Per Epoch: 98.9709838087
Epoch: 12, Train Loss: 0.252484399957, Valid Loss: 0.712704253739, Average Time Per Epoch: 98.1274118225
Epoch: 13, Train Loss: 0.240311624622, Valid Loss: 0.634564725377, Average Time Per Epoch: 97.3945047672
Epoch: 14, Train Loss: 0.22413099751, Valid Loss: 0.687350346283, Average Time Per Epoch: 96.7711544888
Epoch: 15, Train Loss: 0.216853717207, Valid Loss: 0.691009367596, Average Time Per Epoch: 96.2370508671
Epoch: 16, Train Loss: 0.200232369192, Valid Loss: 0.736878036369, Average Time Per Epoch: 95.7678871155
Epoch: 17, Train Loss: 0.196857959845, Valid Loss: 0.758410639113, Average Time Per Epoch: 95.4022417068
Epoch: 18, Train Loss: 0.191978239437, Valid Loss: 0.752650602297, Average Time Per Epoch: 95.0377224419
Valid loss hasnt improved for 10 epochs
Config Num Layers: 2, Hidden Size: 200, Melody Coeff: 0.5, Dropout Prob: 1, Input Dropout Prob: 1, Cell Type: LSTM, Time Batch Len: 128, Learning Rate: 0.005, Decay: 0.5, Loss: 0.633753521334
Best Config: Num Layers: 2, Hidden Size: 150, Melody Coeff: 0.5, Dropout Prob: 0.5, Input Dropout Prob: 1, Cell Type: LSTM, Time Batch Len: 128, Learning Rate: 0.005, Decay: 0.5, Loss: 0.541601745649
Num Layers: 2, Hidden Size: 200, Melody Coeff: 0.5, Dropout Prob: 0.75, Input Dropout Prob: 1, Cell Type: LSTM, Time Batch Len: 128, Learning Rate: 0.005, Decay: 0.5
Epoch: 1, Train Loss: 1.40827858882, Valid Loss: 1.11110350435, Average Time Per Epoch: 164.128247023
Epoch: 2, Train Loss: 0.912125868147, Valid Loss: 0.83757370602, Average Time Per Epoch: 126.421317935
Epoch: 3, Train Loss: 0.730854934454, Valid Loss: 0.735995411873, Average Time Per Epoch: 113.879993995
Epoch: 4, Train Loss: 0.599529024688, Valid Loss: 0.654484276338, Average Time Per Epoch: 107.623755753
Epoch: 5, Train Loss: 0.523971273547, Valid Loss: 0.658696175163, Average Time Per Epoch: 103.872943211
Valid loss increased for the first time, will start saving models
Epoch: 6, Train Loss: 0.480906039341, Valid Loss: 0.626685739105, Average Time Per Epoch: 104.418945988
Best loss so far encountered, saving model.
Epoch: 7, Train Loss: 0.449502293224, Valid Loss: 0.590489627556, Average Time Per Epoch: 104.740449292
Best loss so far encountered, saving model.
Epoch: 8, Train Loss: 0.410367111794, Valid Loss: 0.689304019104, Average Time Per Epoch: 105.005380243
Epoch: 9, Train Loss: 0.394043947214, Valid Loss: 0.64052920775, Average Time Per Epoch: 103.225287676
Epoch: 10, Train Loss: 0.370585258644, Valid Loss: 0.55078561902, Average Time Per Epoch: 101.806853294
Best loss so far encountered, saving model.
Epoch: 11, Train Loss: 0.353994483433, Valid Loss: 0.56901209246, Average Time Per Epoch: 102.11070737
Epoch: 12, Train Loss: 0.332112583586, Valid Loss: 0.563413564725, Average Time Per Epoch: 101.006357829
Epoch: 13, Train Loss: 0.316806761243, Valid Loss: 0.624498995868, Average Time Per Epoch: 100.072050535
Epoch: 14, Train Loss: 0.303647971814, Valid Loss: 0.553832102906, Average Time Per Epoch: 99.2900127172
Epoch: 15, Train Loss: 0.294337653386, Valid Loss: 0.663631496104, Average Time Per Epoch: 98.6105651379
Epoch: 16, Train Loss: 0.278986681016, Valid Loss: 0.577256492051, Average Time Per Epoch: 97.9986821264
Epoch: 17, Train Loss: 0.276903517282, Valid Loss: 0.629134353724, Average Time Per Epoch: 97.5191161773
Epoch: 18, Train Loss: 0.267142943293, Valid Loss: 0.545272614739, Average Time Per Epoch: 97.053265108
Best loss so far encountered, saving model.
Epoch: 19, Train Loss: 0.259843829384, Valid Loss: 0.588236983798, Average Time Per Epoch: 97.5619103658
Epoch: 20, Train Loss: 0.251508205045, Valid Loss: 0.554130331495, Average Time Per Epoch: 97.1377539515
Epoch: 21, Train Loss: 0.248390867764, Valid Loss: 0.54955631061, Average Time Per Epoch: 96.7484886192
Epoch: 22, Train Loss: 0.238124439713, Valid Loss: 0.621367175471, Average Time Per Epoch: 96.406004223
Epoch: 23, Train Loss: 0.235173233184, Valid Loss: 0.573362735185, Average Time Per Epoch: 96.0892572196
Epoch: 24, Train Loss: 0.225612581724, Valid Loss: 0.64963224747, Average Time Per Epoch: 95.7962233722
Epoch: 25, Train Loss: 0.227510018393, Valid Loss: 0.563679277355, Average Time Per Epoch: 95.5248950768
Epoch: 26, Train Loss: 0.220939286303, Valid Loss: 0.647139744867, Average Time Per Epoch: 95.2803136569
Epoch: 27, Train Loss: 0.217613554526, Valid Loss: 0.676040266861, Average Time Per Epoch: 95.0474225503
Epoch: 28, Train Loss: 0.214900897151, Valid Loss: 0.629607851939, Average Time Per Epoch: 94.8372141378
Valid loss hasnt improved for 10 epochs
Config Num Layers: 2, Hidden Size: 200, Melody Coeff: 0.5, Dropout Prob: 0.75, Input Dropout Prob: 1, Cell Type: LSTM, Time Batch Len: 128, Learning Rate: 0.005, Decay: 0.5, Loss: 0.545272614739
Best Config: Num Layers: 2, Hidden Size: 150, Melody Coeff: 0.5, Dropout Prob: 0.5, Input Dropout Prob: 1, Cell Type: LSTM, Time Batch Len: 128, Learning Rate: 0.005, Decay: 0.5, Loss: 0.541601745649
Num Layers: 2, Hidden Size: 200, Melody Coeff: 0.5, Dropout Prob: 0.5, Input Dropout Prob: 1, Cell Type: LSTM, Time Batch Len: 128, Learning Rate: 0.005, Decay: 0.5
Epoch: 1, Train Loss: 1.32125133818, Valid Loss: 1.70011687712, Average Time Per Epoch: 163.392253876
Epoch: 2, Train Loss: 0.957708114927, Valid Loss: 0.848345948349, Average Time Per Epoch: 125.924219966
Epoch: 3, Train Loss: 0.79379264333, Valid Loss: 0.781862398711, Average Time Per Epoch: 113.515853326
Epoch: 4, Train Loss: 0.684826641733, Valid Loss: 0.68870236386, Average Time Per Epoch: 107.322154224
Epoch: 5, Train Loss: 0.599492123723, Valid Loss: 0.668394411152, Average Time Per Epoch: 103.569596004
Epoch: 6, Train Loss: 0.554514768178, Valid Loss: 0.618512629921, Average Time Per Epoch: 101.08700184
Epoch: 7, Train Loss: 0.519583118097, Valid Loss: 0.600105121461, Average Time Per Epoch: 99.3556352683
Epoch: 8, Train Loss: 0.490376745164, Valid Loss: 0.654155807062, Average Time Per Epoch: 98.0285703838
Valid loss increased for the first time, will start saving models
Epoch: 9, Train Loss: 0.471140635149, Valid Loss: 0.57568196275, Average Time Per Epoch: 99.5130123297
Best loss so far encountered, saving model.
Epoch: 10, Train Loss: 0.44887356284, Valid Loss: 0.584975552559, Average Time Per Epoch: 100.595650005
Epoch: 11, Train Loss: 0.432864498415, Valid Loss: 0.617050041936, Average Time Per Epoch: 99.7361361764
Epoch: 12, Train Loss: 0.414687621323, Valid Loss: 0.567148771611, Average Time Per Epoch: 99.0054681698
Best loss so far encountered, saving model.
Epoch: 13, Train Loss: 0.403436021033, Valid Loss: 0.660612226616, Average Time Per Epoch: 99.6539390821
Epoch: 14, Train Loss: 0.394268321381, Valid Loss: 0.632403454455, Average Time Per Epoch: 99.038001929
Epoch: 15, Train Loss: 0.384528916058, Valid Loss: 0.661326067014, Average Time Per Epoch: 98.5112737974
Epoch: 16, Train Loss: 0.377644917166, Valid Loss: 0.627825435183, Average Time Per Epoch: 98.0590157509
Epoch: 17, Train Loss: 0.36768889671, Valid Loss: 0.570107644796, Average Time Per Epoch: 97.6554648175
Epoch: 18, Train Loss: 0.358554530144, Valid Loss: 0.573635853962, Average Time Per Epoch: 97.2912018299
Epoch: 19, Train Loss: 0.351531588896, Valid Loss: 0.590807727792, Average Time Per Epoch: 96.9752764702
Epoch: 20, Train Loss: 0.342034997046, Valid Loss: 0.668445506421, Average Time Per Epoch: 96.6892251015
Epoch: 21, Train Loss: 0.337072915923, Valid Loss: 0.667963208935, Average Time Per Epoch: 96.4299693335
Epoch: 22, Train Loss: 0.330867715044, Valid Loss: 0.568646771258, Average Time Per Epoch: 96.2000129548
Valid loss hasnt improved for 10 epochs
Config Num Layers: 2, Hidden Size: 200, Melody Coeff: 0.5, Dropout Prob: 0.5, Input Dropout Prob: 1, Cell Type: LSTM, Time Batch Len: 128, Learning Rate: 0.005, Decay: 0.5, Loss: 0.567148771611
Best Config: Num Layers: 2, Hidden Size: 150, Melody Coeff: 0.5, Dropout Prob: 0.5, Input Dropout Prob: 1, Cell Type: LSTM, Time Batch Len: 128, Learning Rate: 0.005, Decay: 0.5, Loss: 0.541601745649
