6 runs detected
Num Layers: 2, Hidden Size: 100, Melody Coeff: 0.5, Dropout Prob: 0.5, Input Dropout Prob: 1, Cell Type: LSTM, Time Batch Len: 128, Learning Rate: 0.005, Decay: 0.5
Epoch: 1, Train Loss: 1.39643279585, Valid Loss: 1.27247139812, Average Time Per Epoch: 94.9916441441
Epoch: 2, Train Loss: 1.02446682805, Valid Loss: 0.924919282397, Average Time Per Epoch: 71.3467335701
Epoch: 3, Train Loss: 0.851788003607, Valid Loss: 0.894581344324, Average Time Per Epoch: 63.4977753162
Epoch: 4, Train Loss: 0.761849744482, Valid Loss: 0.884900874079, Average Time Per Epoch: 59.5424810052
Epoch: 5, Train Loss: 0.710919372196, Valid Loss: 0.760156066122, Average Time Per Epoch: 57.2039852142
Epoch: 6, Train Loss: 0.658690674332, Valid Loss: 0.81676225923, Average Time Per Epoch: 55.6129971743
Valid loss increased for the first time, will start saving models
Epoch: 7, Train Loss: 0.632350995053, Valid Loss: 0.645526813067, Average Time Per Epoch: 57.2187025888
Best loss so far encountered, saving model.
Epoch: 8, Train Loss: 0.591006924618, Valid Loss: 0.620232247972, Average Time Per Epoch: 58.4398926198
Best loss so far encountered, saving model.
Epoch: 9, Train Loss: 0.55761346458, Valid Loss: 0.584359013648, Average Time Per Epoch: 59.28288979
Best loss so far encountered, saving model.
Epoch: 10, Train Loss: 0.524588497017, Valid Loss: 0.584091611465, Average Time Per Epoch: 59.9375205994
Best loss so far encountered, saving model.
Epoch: 11, Train Loss: 0.502187699317, Valid Loss: 0.580264125951, Average Time Per Epoch: 60.4839828231
Best loss so far encountered, saving model.
Epoch: 12, Train Loss: 0.487449202653, Valid Loss: 0.620265509571, Average Time Per Epoch: 61.0129483342
Epoch: 13, Train Loss: 0.464611772143, Valid Loss: 0.526015293655, Average Time Per Epoch: 60.0348919355
Best loss so far encountered, saving model.
Epoch: 14, Train Loss: 0.461434401064, Valid Loss: 0.543263763534, Average Time Per Epoch: 60.4951021501
Epoch: 15, Train Loss: 0.449571908807, Valid Loss: 0.535482085845, Average Time Per Epoch: 59.6469215393
Epoch: 16, Train Loss: 0.439122058587, Valid Loss: 0.594388409074, Average Time Per Epoch: 58.9285320044
Epoch: 17, Train Loss: 0.434361495145, Valid Loss: 0.509278465179, Average Time Per Epoch: 58.292470946
Best loss so far encountered, saving model.
Epoch: 18, Train Loss: 0.424076157436, Valid Loss: 0.491231323349, Average Time Per Epoch: 58.7585584455
Best loss so far encountered, saving model.
Epoch: 19, Train Loss: 0.417142197896, Valid Loss: 0.523150585626, Average Time Per Epoch: 59.195421633
Epoch: 20, Train Loss: 0.408632374055, Valid Loss: 0.600315861822, Average Time Per Epoch: 58.6680944562
Epoch: 21, Train Loss: 0.406223126653, Valid Loss: 0.507740144829, Average Time Per Epoch: 58.1464625767
Epoch: 22, Train Loss: 0.39900707484, Valid Loss: 0.560248642134, Average Time Per Epoch: 57.6717253707
Epoch: 23, Train Loss: 0.392469754095, Valid Loss: 0.498834776916, Average Time Per Epoch: 57.3219022647
Epoch: 24, Train Loss: 0.392921275832, Valid Loss: 0.50272739133, Average Time Per Epoch: 56.9826606711
Epoch: 25, Train Loss: 0.385133503699, Valid Loss: 0.50142624713, Average Time Per Epoch: 56.6072529221
Epoch: 26, Train Loss: 0.378508592448, Valid Loss: 0.495455712218, Average Time Per Epoch: 56.2710348459
Epoch: 27, Train Loss: 0.373501079487, Valid Loss: 0.495776976683, Average Time Per Epoch: 55.9523440732
Epoch: 28, Train Loss: 0.371409292409, Valid Loss: 0.510377297557, Average Time Per Epoch: 55.6713315334
Epoch: 29, Train Loss: 0.37101949555, Valid Loss: 0.511888680078, Average Time Per Epoch: 55.4026613153
Epoch: 30, Train Loss: 0.363095199859, Valid Loss: 0.500195985824, Average Time Per Epoch: 55.1434052308
Epoch: 31, Train Loss: 0.36048874066, Valid Loss: 0.499655691614, Average Time Per Epoch: 54.8978253872
Epoch: 32, Train Loss: 0.360501403328, Valid Loss: 0.485976220145, Average Time Per Epoch: 54.6676279083
Best loss so far encountered, saving model.
Epoch: 33, Train Loss: 0.355479355063, Valid Loss: 0.509226203596, Average Time Per Epoch: 55.0307114558
Epoch: 34, Train Loss: 0.351677773588, Valid Loss: 0.566552964061, Average Time Per Epoch: 54.8259858805
Epoch: 35, Train Loss: 0.346371914379, Valid Loss: 0.585116443888, Average Time Per Epoch: 54.6197242328
Epoch: 36, Train Loss: 0.350771770711, Valid Loss: 0.497765535433, Average Time Per Epoch: 54.4218605558
Epoch: 37, Train Loss: 0.341270553388, Valid Loss: 0.494735242156, Average Time Per Epoch: 54.2379357042
Epoch: 38, Train Loss: 0.343665924389, Valid Loss: 0.513700339245, Average Time Per Epoch: 54.060302107
Epoch: 39, Train Loss: 0.338181281987, Valid Loss: 0.556846875913, Average Time Per Epoch: 53.8927680774
Epoch: 40, Train Loss: 0.336634699628, Valid Loss: 0.503656380659, Average Time Per Epoch: 53.7383011758
Epoch: 41, Train Loss: 0.336883357777, Valid Loss: 0.51521356913, Average Time Per Epoch: 53.5924626095
Epoch: 42, Train Loss: 0.332069617476, Valid Loss: 0.511947322783, Average Time Per Epoch: 53.4464152654
Epoch: 43, Train Loss: 0.333179850978, Valid Loss: 0.485482689653, Average Time Per Epoch: 53.3088818373
Best loss so far encountered, saving model.
Epoch: 44, Train Loss: 0.324945198618, Valid Loss: 0.501836878739, Average Time Per Epoch: 53.6180958639
Epoch: 45, Train Loss: 0.327108140281, Valid Loss: 0.500211146708, Average Time Per Epoch: 53.4816525141
Epoch: 46, Train Loss: 0.326543792001, Valid Loss: 0.505145495628, Average Time Per Epoch: 53.3519945663
Epoch: 47, Train Loss: 0.321874828158, Valid Loss: 0.489194230599, Average Time Per Epoch: 53.2297152763
Epoch: 48, Train Loss: 0.321489597015, Valid Loss: 0.51297792246, Average Time Per Epoch: 53.1097245216
Epoch: 49, Train Loss: 0.318840571061, Valid Loss: 0.479319698126, Average Time Per Epoch: 52.9979649807
Best loss so far encountered, saving model.
Epoch: 50, Train Loss: 0.31945375094, Valid Loss: 0.480291841431, Average Time Per Epoch: 53.2735659027
Epoch: 51, Train Loss: 0.31981621504, Valid Loss: 0.490923869279, Average Time Per Epoch: 53.1612370575
Epoch: 52, Train Loss: 0.313724289377, Valid Loss: 0.50485863991, Average Time Per Epoch: 53.0541353455
Epoch: 53, Train Loss: 0.31402747118, Valid Loss: 0.479866420402, Average Time Per Epoch: 52.9500069618
Epoch: 54, Train Loss: 0.312786336734, Valid Loss: 0.514383921792, Average Time Per Epoch: 52.8505275029
Epoch: 55, Train Loss: 0.31614274209, Valid Loss: 0.513175797517, Average Time Per Epoch: 52.7518901261
Epoch: 56, Train Loss: 0.310834079862, Valid Loss: 0.473999900211, Average Time Per Epoch: 52.6590058037
Best loss so far encountered, saving model.
Epoch: 57, Train Loss: 0.308471731346, Valid Loss: 0.514439810826, Average Time Per Epoch: 52.9104839668
Epoch: 58, Train Loss: 0.307591932462, Valid Loss: 0.511816098911, Average Time Per Epoch: 52.8175331395
Epoch: 59, Train Loss: 0.308375948934, Valid Loss: 0.509237342652, Average Time Per Epoch: 52.7251468311
Epoch: 60, Train Loss: 0.304473258352, Valid Loss: 0.473928770932, Average Time Per Epoch: 52.6410236518
Best loss so far encountered, saving model.
Epoch: 61, Train Loss: 0.303457537353, Valid Loss: 0.553250725347, Average Time Per Epoch: 52.8807651645
Epoch: 62, Train Loss: 0.299780036816, Valid Loss: 0.601096658497, Average Time Per Epoch: 52.7916473573
Epoch: 63, Train Loss: 0.305422432526, Valid Loss: 0.566434001067, Average Time Per Epoch: 52.7084088401
Epoch: 64, Train Loss: 0.30211485604, Valid Loss: 0.526565415569, Average Time Per Epoch: 52.6280951574
Epoch: 65, Train Loss: 0.298442217598, Valid Loss: 0.473388252017, Average Time Per Epoch: 52.5513726161
Best loss so far encountered, saving model.
Epoch: 66, Train Loss: 0.298840833379, Valid Loss: 0.472047465304, Average Time Per Epoch: 52.7804845608
Best loss so far encountered, saving model.
Epoch: 67, Train Loss: 0.296220962928, Valid Loss: 0.513474281317, Average Time Per Epoch: 52.9445317752
Epoch: 68, Train Loss: 0.297579475865, Valid Loss: 0.513296412912, Average Time Per Epoch: 52.8682420464
Epoch: 69, Train Loss: 0.293562060722, Valid Loss: 0.477392026782, Average Time Per Epoch: 52.7921222777
Epoch: 70, Train Loss: 0.292734926645, Valid Loss: 0.524150890154, Average Time Per Epoch: 52.7175154141
Epoch: 71, Train Loss: 0.291504441591, Valid Loss: 0.566209657896, Average Time Per Epoch: 52.6466097328
Epoch: 72, Train Loss: 0.293833304823, Valid Loss: 0.477688404529, Average Time Per Epoch: 52.581410918
Epoch: 73, Train Loss: 0.291046426005, Valid Loss: 0.516476627959, Average Time Per Epoch: 52.5125587966
Epoch: 74, Train Loss: 0.29303273921, Valid Loss: 0.507080507333, Average Time Per Epoch: 52.448816947
Epoch: 75, Train Loss: 0.291363046657, Valid Loss: 0.536037541593, Average Time Per Epoch: 52.3845890141
Epoch: 76, Train Loss: 0.288863725935, Valid Loss: 0.546864794641, Average Time Per Epoch: 52.3224150256
Epoch: 77, Train Loss: 0.290893222341, Valid Loss: 0.479713775451, Average Time Per Epoch: 52.2651930134
Epoch: 78, Train Loss: 0.287386925874, Valid Loss: 0.542589899577, Average Time Per Epoch: 52.2502177312
Epoch: 79, Train Loss: 0.285817131184, Valid Loss: 0.524000076176, Average Time Per Epoch: 52.1942415841
Epoch: 80, Train Loss: 0.285895113757, Valid Loss: 0.56064711011, Average Time Per Epoch: 52.1387250125
Epoch: 81, Train Loss: 0.289884493906, Valid Loss: 0.511896108941, Average Time Per Epoch: 52.0865102344
Valid loss hasnt improved for 15 epochs. Exiting ....
Config Num Layers: 2, Hidden Size: 100, Melody Coeff: 0.5, Dropout Prob: 0.5, Input Dropout Prob: 1, Cell Type: LSTM, Time Batch Len: 128, Learning Rate: 0.005, Decay: 0.5, Loss: 0.472047465304
Found best new model!
Best Config: Num Layers: 2, Hidden Size: 100, Melody Coeff: 0.5, Dropout Prob: 0.5, Input Dropout Prob: 1, Cell Type: LSTM, Time Batch Len: 128, Learning Rate: 0.005, Decay: 0.5, Loss: 0.472047465304
Num Layers: 2, Hidden Size: 100, Melody Coeff: 0.5, Dropout Prob: 0.3, Input Dropout Prob: 1, Cell Type: LSTM, Time Batch Len: 128, Learning Rate: 0.005, Decay: 0.5
Epoch: 1, Train Loss: 1.51508608786, Valid Loss: 1.44170738122, Average Time Per Epoch: 87.4168138504
Epoch: 2, Train Loss: 1.17579475885, Valid Loss: 1.20331680775, Average Time Per Epoch: 67.6870999336
Epoch: 3, Train Loss: 1.00553088161, Valid Loss: 0.989808653723, Average Time Per Epoch: 61.0300806363
Epoch: 4, Train Loss: 0.926381557503, Valid Loss: 0.964981448733, Average Time Per Epoch: 57.7611997128
Epoch: 5, Train Loss: 0.875907779282, Valid Loss: 0.88133794635, Average Time Per Epoch: 55.7662479877
Epoch: 6, Train Loss: 0.838841843063, Valid Loss: 0.830759876408, Average Time Per Epoch: 54.4750056664
Epoch: 7, Train Loss: 0.803501222215, Valid Loss: 0.863363719649, Average Time Per Epoch: 53.5263484206
Valid loss increased for the first time, will start saving models
Epoch: 8, Train Loss: 0.772637280957, Valid Loss: 0.791810039431, Average Time Per Epoch: 55.1635578573
Best loss so far encountered, saving model.
Epoch: 9, Train Loss: 0.739100595902, Valid Loss: 0.725842294594, Average Time Per Epoch: 56.3980919785
Best loss so far encountered, saving model.
Epoch: 10, Train Loss: 0.698163370111, Valid Loss: 0.745165552323, Average Time Per Epoch: 57.399382782
Epoch: 11, Train Loss: 0.671776914597, Valid Loss: 0.740385841095, Average Time Per Epoch: 56.540794546
Epoch: 12, Train Loss: 0.657145431164, Valid Loss: 0.595691797703, Average Time Per Epoch: 55.8139149944
Best loss so far encountered, saving model.
Epoch: 13, Train Loss: 0.635863337801, Valid Loss: 0.642279786472, Average Time Per Epoch: 56.6428530033
Epoch: 14, Train Loss: 0.621578557586, Valid Loss: 0.674004279836, Average Time Per Epoch: 56.0073258536
Epoch: 15, Train Loss: 0.603254085576, Valid Loss: 0.597454673179, Average Time Per Epoch: 55.4575830619
Epoch: 16, Train Loss: 0.593050058322, Valid Loss: 0.633003729016, Average Time Per Epoch: 54.9767659307
Epoch: 17, Train Loss: 0.590629420768, Valid Loss: 0.565978922312, Average Time Per Epoch: 54.5659945292
Best loss so far encountered, saving model.
Epoch: 18, Train Loss: 0.581749373403, Valid Loss: 0.557906036783, Average Time Per Epoch: 55.2258117199
Best loss so far encountered, saving model.
Epoch: 19, Train Loss: 0.567499245635, Valid Loss: 0.595709468376, Average Time Per Epoch: 55.8081511573
Epoch: 20, Train Loss: 0.567253185673, Valid Loss: 0.555373807541, Average Time Per Epoch: 55.413645494
Best loss so far encountered, saving model.
Epoch: 21, Train Loss: 0.553847970068, Valid Loss: 0.529259845338, Average Time Per Epoch: 55.9495938051
Best loss so far encountered, saving model.
Epoch: 22, Train Loss: 0.551286053996, Valid Loss: 0.554802158175, Average Time Per Epoch: 56.4404459541
Epoch: 23, Train Loss: 0.545398630337, Valid Loss: 0.557302274776, Average Time Per Epoch: 56.0681224284
Epoch: 24, Train Loss: 0.539042545042, Valid Loss: 0.544924423375, Average Time Per Epoch: 55.7305517495
Epoch: 25, Train Loss: 0.532428993217, Valid Loss: 0.524398234932, Average Time Per Epoch: 55.4144370365
Best loss so far encountered, saving model.
Epoch: 26, Train Loss: 0.531315305423, Valid Loss: 0.604279149289, Average Time Per Epoch: 55.7099253031
Epoch: 27, Train Loss: 0.523083380373, Valid Loss: 0.520075697176, Average Time Per Epoch: 55.4182262156
Best loss so far encountered, saving model.
Epoch: 28, Train Loss: 0.524290565097, Valid Loss: 0.543991001081, Average Time Per Epoch: 55.9542495353
Epoch: 29, Train Loss: 0.514128826051, Valid Loss: 0.550416615153, Average Time Per Epoch: 55.6774114083
Epoch: 30, Train Loss: 0.517851285332, Valid Loss: 0.518552894881, Average Time Per Epoch: 55.4189341625
Best loss so far encountered, saving model.
Epoch: 31, Train Loss: 0.513390487974, Valid Loss: 0.5157816859, Average Time Per Epoch: 55.7868835772
Best loss so far encountered, saving model.
Epoch: 32, Train Loss: 0.507108334858, Valid Loss: 0.580957946428, Average Time Per Epoch: 56.1421352774
Epoch: 33, Train Loss: 0.502531429787, Valid Loss: 0.515442101345, Average Time Per Epoch: 55.8892223329
Best loss so far encountered, saving model.
Epoch: 34, Train Loss: 0.503787230531, Valid Loss: 0.505859780591, Average Time Per Epoch: 56.1053988513
Best loss so far encountered, saving model.
Epoch: 35, Train Loss: 0.501049929519, Valid Loss: 0.510379290407, Average Time Per Epoch: 56.522090653
Epoch: 36, Train Loss: 0.496297743002, Valid Loss: 0.510754202027, Average Time Per Epoch: 56.2865569128
Epoch: 37, Train Loss: 0.494512721354, Valid Loss: 0.518310083223, Average Time Per Epoch: 56.0610707837
Epoch: 38, Train Loss: 0.489969889041, Valid Loss: 0.525995674513, Average Time Per Epoch: 55.8497551052
Epoch: 39, Train Loss: 0.490175095471, Valid Loss: 0.510571531826, Average Time Per Epoch: 55.6491205631
Epoch: 40, Train Loss: 0.485096602023, Valid Loss: 0.57071066925, Average Time Per Epoch: 55.4562568724
Epoch: 41, Train Loss: 0.488369051503, Valid Loss: 0.509375743926, Average Time Per Epoch: 55.2788667039
Epoch: 42, Train Loss: 0.48545529287, Valid Loss: 0.504713709992, Average Time Per Epoch: 55.1086684749
Best loss so far encountered, saving model.
Epoch: 43, Train Loss: 0.479341507585, Valid Loss: 0.520315222697, Average Time Per Epoch: 55.394481975
Epoch: 44, Train Loss: 0.479598828642, Valid Loss: 0.555990574463, Average Time Per Epoch: 55.2275570902
Epoch: 45, Train Loss: 0.477763768218, Valid Loss: 0.507529552103, Average Time Per Epoch: 55.0655942228
Epoch: 46, Train Loss: 0.474505458704, Valid Loss: 0.516549430563, Average Time Per Epoch: 54.9146083904
Epoch: 47, Train Loss: 0.472617062317, Valid Loss: 0.500734945983, Average Time Per Epoch: 54.767608252
Best loss so far encountered, saving model.
Epoch: 48, Train Loss: 0.468382852355, Valid Loss: 0.539787499907, Average Time Per Epoch: 55.0348923753
Epoch: 49, Train Loss: 0.471126622571, Valid Loss: 0.512061149598, Average Time Per Epoch: 54.8947449801
Epoch: 50, Train Loss: 0.466277106377, Valid Loss: 0.561651960209, Average Time Per Epoch: 54.7583427
Epoch: 51, Train Loss: 0.471343867278, Valid Loss: 0.502993712353, Average Time Per Epoch: 54.6239876467
Epoch: 52, Train Loss: 0.461715729839, Valid Loss: 0.559410411899, Average Time Per Epoch: 54.4926622281
Epoch: 53, Train Loss: 0.463740860705, Valid Loss: 0.518697028641, Average Time Per Epoch: 54.3676240354
Epoch: 54, Train Loss: 0.45976262648, Valid Loss: 0.506571173487, Average Time Per Epoch: 54.2507041295
Epoch: 55, Train Loss: 0.45732883093, Valid Loss: 0.51550607382, Average Time Per Epoch: 54.1376981605
Epoch: 56, Train Loss: 0.463866136155, Valid Loss: 0.505144670088, Average Time Per Epoch: 54.0270898214
Epoch: 57, Train Loss: 0.460802847486, Valid Loss: 0.504183858264, Average Time Per Epoch: 53.9179130855
Epoch: 58, Train Loss: 0.456397109276, Valid Loss: 0.496553344745, Average Time Per Epoch: 53.8143134282
Best loss so far encountered, saving model.
Epoch: 59, Train Loss: 0.458385747942, Valid Loss: 0.495591857975, Average Time Per Epoch: 54.0487641844
Best loss so far encountered, saving model.
Epoch: 60, Train Loss: 0.455518040908, Valid Loss: 0.509617755582, Average Time Per Epoch: 54.2771989663
Epoch: 61, Train Loss: 0.457718719203, Valid Loss: 0.509050064377, Average Time Per Epoch: 54.1730281799
Epoch: 62, Train Loss: 0.453644797274, Valid Loss: 0.494975638136, Average Time Per Epoch: 54.0743507416
Best loss so far encountered, saving model.
Epoch: 63, Train Loss: 0.449919452315, Valid Loss: 0.506747967012, Average Time Per Epoch: 54.2258979971
Epoch: 64, Train Loss: 0.450091798197, Valid Loss: 0.513615561475, Average Time Per Epoch: 54.1297379509
Epoch: 65, Train Loss: 0.448750906641, Valid Loss: 0.50238066503, Average Time Per Epoch: 54.0822044152
Epoch: 66, Train Loss: 0.446159031378, Valid Loss: 0.565376997714, Average Time Per Epoch: 53.9902266517
Epoch: 67, Train Loss: 0.450743925673, Valid Loss: 0.507453741286, Average Time Per Epoch: 53.8989185504
Epoch: 68, Train Loss: 0.449417142197, Valid Loss: 0.501897738363, Average Time Per Epoch: 53.8106650149
Epoch: 69, Train Loss: 0.443489328975, Valid Loss: 0.551686127127, Average Time Per Epoch: 53.7263538976
Epoch: 70, Train Loss: 0.448773901503, Valid Loss: 0.488552207019, Average Time Per Epoch: 53.6478487117
Best loss so far encountered, saving model.
Epoch: 71, Train Loss: 0.441565405103, Valid Loss: 0.560660134402, Average Time Per Epoch: 53.8516310403
Epoch: 72, Train Loss: 0.449563949487, Valid Loss: 0.493903987433, Average Time Per Epoch: 53.7719785141
Epoch: 73, Train Loss: 0.440954424542, Valid Loss: 0.508753917421, Average Time Per Epoch: 53.6965836303
Epoch: 74, Train Loss: 0.442152224718, Valid Loss: 0.500890561108, Average Time Per Epoch: 53.6191529583
Epoch: 75, Train Loss: 0.442540706118, Valid Loss: 0.498216088766, Average Time Per Epoch: 53.5451329581
Epoch: 76, Train Loss: 0.440583983335, Valid Loss: 0.493395751739, Average Time Per Epoch: 53.4719408154
Epoch: 77, Train Loss: 0.439276539213, Valid Loss: 0.484940219395, Average Time Per Epoch: 53.4010392443
Best loss so far encountered, saving model.
Epoch: 78, Train Loss: 0.436198690534, Valid Loss: 0.484586430282, Average Time Per Epoch: 53.5893620895
Best loss so far encountered, saving model.
Epoch: 79, Train Loss: 0.434795586189, Valid Loss: 0.522198969127, Average Time Per Epoch: 53.7763841514
Epoch: 80, Train Loss: 0.438414678723, Valid Loss: 0.499003581763, Average Time Per Epoch: 53.7053102732
Epoch: 81, Train Loss: 0.438126014833, Valid Loss: 0.500661484099, Average Time Per Epoch: 53.6366355419
Epoch: 82, Train Loss: 0.43119885996, Valid Loss: 0.537837121674, Average Time Per Epoch: 53.5684359626
Epoch: 83, Train Loss: 0.433497492952, Valid Loss: 0.502854400754, Average Time Per Epoch: 53.5034985887
Epoch: 84, Train Loss: 0.433250917393, Valid Loss: 0.501898429305, Average Time Per Epoch: 53.4397732615
Epoch: 85, Train Loss: 0.427944924174, Valid Loss: 0.515841517246, Average Time Per Epoch: 53.3786769278
Epoch: 86, Train Loss: 0.429950725829, Valid Loss: 0.501011294733, Average Time Per Epoch: 53.3185225115
Epoch: 87, Train Loss: 0.425557023321, Valid Loss: 0.549957260653, Average Time Per Epoch: 53.2596445385
Epoch: 88, Train Loss: 0.431474978409, Valid Loss: 0.517555778018, Average Time Per Epoch: 53.201437159
Epoch: 89, Train Loss: 0.431423345987, Valid Loss: 0.521676601165, Average Time Per Epoch: 53.1448345934
Epoch: 90, Train Loss: 0.425301965834, Valid Loss: 0.546379650525, Average Time Per Epoch: 53.0915264448
Epoch: 91, Train Loss: 0.431953993643, Valid Loss: 0.507460613127, Average Time Per Epoch: 53.0368686377
Epoch: 92, Train Loss: 0.429708468372, Valid Loss: 0.508095959564, Average Time Per Epoch: 52.9872126942
Epoch: 93, Train Loss: 0.425792269544, Valid Loss: 0.497236995119, Average Time Per Epoch: 52.9377383442
Valid loss hasnt improved for 15 epochs. Exiting ....
Config Num Layers: 2, Hidden Size: 100, Melody Coeff: 0.5, Dropout Prob: 0.3, Input Dropout Prob: 1, Cell Type: LSTM, Time Batch Len: 128, Learning Rate: 0.005, Decay: 0.5, Loss: 0.484586430282
Best Config: Num Layers: 2, Hidden Size: 100, Melody Coeff: 0.5, Dropout Prob: 0.5, Input Dropout Prob: 1, Cell Type: LSTM, Time Batch Len: 128, Learning Rate: 0.005, Decay: 0.5, Loss: 0.472047465304
Num Layers: 2, Hidden Size: 150, Melody Coeff: 0.5, Dropout Prob: 0.5, Input Dropout Prob: 1, Cell Type: LSTM, Time Batch Len: 128, Learning Rate: 0.005, Decay: 0.5
Epoch: 1, Train Loss: 1.32997248931, Valid Loss: 1.32491868872, Average Time Per Epoch: 113.671528101
Epoch: 2, Train Loss: 0.907897890698, Valid Loss: 1.01716262502, Average Time Per Epoch: 87.7107294798
Epoch: 3, Train Loss: 0.777524446357, Valid Loss: 0.837487647448, Average Time Per Epoch: 78.9954606692
Epoch: 4, Train Loss: 0.69374250072, Valid Loss: 0.838453658201, Average Time Per Epoch: 74.6921980381
Valid loss increased for the first time, will start saving models
Epoch: 5, Train Loss: 0.628783438287, Valid Loss: 0.770512365357, Average Time Per Epoch: 75.9056330204
Best loss so far encountered, saving model.
Epoch: 6, Train Loss: 0.575951447406, Valid Loss: 0.648614732342, Average Time Per Epoch: 76.5447368622
Best loss so far encountered, saving model.
Epoch: 7, Train Loss: 0.524751392549, Valid Loss: 0.607427977819, Average Time Per Epoch: 77.0163120202
Best loss so far encountered, saving model.
Epoch: 8, Train Loss: 0.488672554984, Valid Loss: 0.633326284794, Average Time Per Epoch: 77.3823368847
Epoch: 9, Train Loss: 0.461262307181, Valid Loss: 0.544895395852, Average Time Per Epoch: 75.6518374549
Best loss so far encountered, saving model.
Epoch: 10, Train Loss: 0.439540477639, Valid Loss: 0.547445574297, Average Time Per Epoch: 76.1090885162
Epoch: 11, Train Loss: 0.424524443597, Valid Loss: 0.540719337503, Average Time Per Epoch: 74.8156670007
Best loss so far encountered, saving model.
Epoch: 12, Train Loss: 0.409060632776, Valid Loss: 0.512254510187, Average Time Per Epoch: 75.2749498487
Best loss so far encountered, saving model.
Epoch: 13, Train Loss: 0.395025539263, Valid Loss: 0.51054458882, Average Time Per Epoch: 75.6688488447
Best loss so far encountered, saving model.
Epoch: 14, Train Loss: 0.38280372789, Valid Loss: 0.491433097558, Average Time Per Epoch: 75.9907222986
Best loss so far encountered, saving model.
Epoch: 15, Train Loss: 0.374517309293, Valid Loss: 0.5213718472, Average Time Per Epoch: 76.2662220001
Epoch: 16, Train Loss: 0.364149481608, Valid Loss: 0.495890997971, Average Time Per Epoch: 75.3648345023
Epoch: 17, Train Loss: 0.347795873423, Valid Loss: 0.613477719547, Average Time Per Epoch: 74.5772314773
Epoch: 18, Train Loss: 0.34802065324, Valid Loss: 0.494972636061, Average Time Per Epoch: 73.8691978322
Epoch: 19, Train Loss: 0.336509932205, Valid Loss: 0.591247351601, Average Time Per Epoch: 73.5115288433
Epoch: 20, Train Loss: 0.335425615615, Valid Loss: 0.490197136744, Average Time Per Epoch: 72.9486029029
Best loss so far encountered, saving model.
Epoch: 21, Train Loss: 0.325352426974, Valid Loss: 0.494053898993, Average Time Per Epoch: 73.3078396207
Epoch: 22, Train Loss: 0.320894598554, Valid Loss: 0.561228298, Average Time Per Epoch: 72.789179
Epoch: 23, Train Loss: 0.318196606407, Valid Loss: 0.473373833406, Average Time Per Epoch: 72.3065972225
Best loss so far encountered, saving model.
Epoch: 24, Train Loss: 0.304775193482, Valid Loss: 0.588151570916, Average Time Per Epoch: 72.6477037966
Epoch: 25, Train Loss: 0.310985403766, Valid Loss: 0.507615057685, Average Time Per Epoch: 72.210193367
Epoch: 26, Train Loss: 0.299223362519, Valid Loss: 0.563725131943, Average Time Per Epoch: 71.812844845
Epoch: 27, Train Loss: 0.291527337119, Valid Loss: 0.567162051158, Average Time Per Epoch: 71.4450697457
Epoch: 28, Train Loss: 0.291122968961, Valid Loss: 0.548747302673, Average Time Per Epoch: 71.1040261132
Epoch: 29, Train Loss: 0.288381155961, Valid Loss: 0.560321957482, Average Time Per Epoch: 70.7847419361
Epoch: 30, Train Loss: 0.282193370532, Valid Loss: 0.577772147425, Average Time Per Epoch: 70.4867413362
Epoch: 31, Train Loss: 0.280615749875, Valid Loss: 0.563524446425, Average Time Per Epoch: 70.2063687155
Epoch: 32, Train Loss: 0.279037201278, Valid Loss: 0.561532528433, Average Time Per Epoch: 69.9458473176
Epoch: 33, Train Loss: 0.275037316775, Valid Loss: 0.498864075383, Average Time Per Epoch: 69.7034340049
Epoch: 34, Train Loss: 0.269095243361, Valid Loss: 0.474224081534, Average Time Per Epoch: 69.4697958582
Epoch: 35, Train Loss: 0.267712474034, Valid Loss: 0.531439714325, Average Time Per Epoch: 69.258392116
Epoch: 36, Train Loss: 0.266528684375, Valid Loss: 0.533415784012, Average Time Per Epoch: 69.0504358941
Epoch: 37, Train Loss: 0.263049329005, Valid Loss: 0.522248287108, Average Time Per Epoch: 68.8576428697
Epoch: 38, Train Loss: 0.259596751215, Valid Loss: 0.475615035234, Average Time Per Epoch: 68.6807178949
Valid loss hasnt improved for 15 epochs. Exiting ....
Config Num Layers: 2, Hidden Size: 150, Melody Coeff: 0.5, Dropout Prob: 0.5, Input Dropout Prob: 1, Cell Type: LSTM, Time Batch Len: 128, Learning Rate: 0.005, Decay: 0.5, Loss: 0.473373833406
Best Config: Num Layers: 2, Hidden Size: 100, Melody Coeff: 0.5, Dropout Prob: 0.5, Input Dropout Prob: 1, Cell Type: LSTM, Time Batch Len: 128, Learning Rate: 0.005, Decay: 0.5, Loss: 0.472047465304
Num Layers: 2, Hidden Size: 150, Melody Coeff: 0.5, Dropout Prob: 0.3, Input Dropout Prob: 1, Cell Type: LSTM, Time Batch Len: 128, Learning Rate: 0.005, Decay: 0.5
Epoch: 1, Train Loss: 1.398243482, Valid Loss: 1.60610294094, Average Time Per Epoch: 112.506455898
Epoch: 2, Train Loss: 1.07643764656, Valid Loss: 1.04191128289, Average Time Per Epoch: 86.8751024008
Epoch: 3, Train Loss: 0.910099741681, Valid Loss: 1.06489727211, Average Time Per Epoch: 78.3428559303
Valid loss increased for the first time, will start saving models
Epoch: 4, Train Loss: 0.823891737109, Valid Loss: 0.79538885435, Average Time Per Epoch: 80.1885057092
Best loss so far encountered, saving model.
Epoch: 5, Train Loss: 0.767801080238, Valid Loss: 0.787621925619, Average Time Per Epoch: 80.5329683781
Best loss so far encountered, saving model.
Epoch: 6, Train Loss: 0.712595552883, Valid Loss: 0.824701494848, Average Time Per Epoch: 80.7999663353
Epoch: 7, Train Loss: 0.667950896106, Valid Loss: 0.695646522912, Average Time Per Epoch: 78.4290348462
Best loss so far encountered, saving model.
Epoch: 8, Train Loss: 0.616527781873, Valid Loss: 0.726904799058, Average Time Per Epoch: 78.8769007325
Epoch: 9, Train Loss: 0.584976112843, Valid Loss: 0.595672395632, Average Time Per Epoch: 77.2249127759
Best loss so far encountered, saving model.
Epoch: 10, Train Loss: 0.563223300773, Valid Loss: 0.592199073415, Average Time Per Epoch: 77.7220959902
Best loss so far encountered, saving model.
Epoch: 11, Train Loss: 0.539763442664, Valid Loss: 0.693927478632, Average Time Per Epoch: 78.0836150863
Epoch: 12, Train Loss: 0.529510730742, Valid Loss: 0.560310037237, Average Time Per Epoch: 76.8669002453
Best loss so far encountered, saving model.
Epoch: 13, Train Loss: 0.510155629638, Valid Loss: 0.558568570823, Average Time Per Epoch: 77.2461644503
Best loss so far encountered, saving model.
Epoch: 14, Train Loss: 0.498954731497, Valid Loss: 0.602650734889, Average Time Per Epoch: 77.5522374937
Epoch: 15, Train Loss: 0.494927006079, Valid Loss: 0.540326559588, Average Time Per Epoch: 76.6225081285
Best loss so far encountered, saving model.
Epoch: 16, Train Loss: 0.478789354251, Valid Loss: 0.564339661678, Average Time Per Epoch: 77.1789506823
Epoch: 17, Train Loss: 0.472249526869, Valid Loss: 0.554410204067, Average Time Per Epoch: 76.3709811183
Epoch: 18, Train Loss: 0.468821816485, Valid Loss: 0.550460414586, Average Time Per Epoch: 75.6556707223
Epoch: 19, Train Loss: 0.458422105488, Valid Loss: 0.531167145685, Average Time Per Epoch: 75.0130527898
Best loss so far encountered, saving model.
Epoch: 20, Train Loss: 0.455069063959, Valid Loss: 0.534522598868, Average Time Per Epoch: 75.1897126913
Epoch: 21, Train Loss: 0.446086263487, Valid Loss: 0.581094630934, Average Time Per Epoch: 74.6331728527
Epoch: 22, Train Loss: 0.446054887027, Valid Loss: 0.527317542328, Average Time Per Epoch: 74.122372313
Best loss so far encountered, saving model.
Epoch: 23, Train Loss: 0.43710759658, Valid Loss: 0.520534410555, Average Time Per Epoch: 74.6066065146
Best loss so far encountered, saving model.
Epoch: 24, Train Loss: 0.429756035436, Valid Loss: 0.518829060915, Average Time Per Epoch: 74.9248948693
Best loss so far encountered, saving model.
Epoch: 25, Train Loss: 0.427030779167, Valid Loss: 0.501557291934, Average Time Per Epoch: 75.2190545177
Best loss so far encountered, saving model.
Epoch: 26, Train Loss: 0.424412089315, Valid Loss: 0.48672728128, Average Time Per Epoch: 75.3485859999
Best loss so far encountered, saving model.
Epoch: 27, Train Loss: 0.418894593011, Valid Loss: 0.498024983569, Average Time Per Epoch: 75.735770667
Epoch: 28, Train Loss: 0.416313735616, Valid Loss: 0.502764669092, Average Time Per Epoch: 75.2952106765
Epoch: 29, Train Loss: 0.41437145607, Valid Loss: 0.488695789342, Average Time Per Epoch: 74.8911718253
Epoch: 30, Train Loss: 0.407106446001, Valid Loss: 0.502188052284, Average Time Per Epoch: 74.5075850328
Epoch: 31, Train Loss: 0.407437047244, Valid Loss: 0.493423159415, Average Time Per Epoch: 74.1546179633
Epoch: 32, Train Loss: 0.400014438785, Valid Loss: 0.495618969638, Average Time Per Epoch: 73.8216304332
Epoch: 33, Train Loss: 0.398322503743, Valid Loss: 0.495905584289, Average Time Per Epoch: 73.5111631191
Epoch: 34, Train Loss: 0.394456777925, Valid Loss: 0.524776823226, Average Time Per Epoch: 73.2193713819
Epoch: 35, Train Loss: 0.393493684517, Valid Loss: 0.507384513871, Average Time Per Epoch: 72.9409991673
Epoch: 36, Train Loss: 0.391809465939, Valid Loss: 0.483808778399, Average Time Per Epoch: 72.6834404402
Best loss so far encountered, saving model.
Epoch: 37, Train Loss: 0.38564565981, Valid Loss: 0.544935528428, Average Time Per Epoch: 72.9519591074
Epoch: 38, Train Loss: 0.381898457659, Valid Loss: 0.517463634172, Average Time Per Epoch: 72.7053351277
Epoch: 39, Train Loss: 0.383726606653, Valid Loss: 0.482096163938, Average Time Per Epoch: 72.6478520723
Best loss so far encountered, saving model.
Epoch: 40, Train Loss: 0.380488480966, Valid Loss: 0.47032752161, Average Time Per Epoch: 72.9142556727
Best loss so far encountered, saving model.
Epoch: 41, Train Loss: 0.376741709484, Valid Loss: 0.484657804807, Average Time Per Epoch: 73.0613308244
Epoch: 42, Train Loss: 0.375180583955, Valid Loss: 0.484082691873, Average Time Per Epoch: 72.8311839047
Epoch: 43, Train Loss: 0.371887896582, Valid Loss: 0.47323040414, Average Time Per Epoch: 72.6129649739
Epoch: 44, Train Loss: 0.367221661589, Valid Loss: 0.544465451376, Average Time Per Epoch: 72.4074613181
Epoch: 45, Train Loss: 0.369461250288, Valid Loss: 0.542453735866, Average Time Per Epoch: 72.2107122209
Epoch: 46, Train Loss: 0.368135589734, Valid Loss: 0.478904255513, Average Time Per Epoch: 72.0197658902
Epoch: 47, Train Loss: 0.360331864079, Valid Loss: 0.55585512941, Average Time Per Epoch: 71.8407683372
Epoch: 48, Train Loss: 0.364749116213, Valid Loss: 0.472069447795, Average Time Per Epoch: 71.6680562049
Epoch: 49, Train Loss: 0.359797063135, Valid Loss: 0.479894879007, Average Time Per Epoch: 71.5034612831
Epoch: 50, Train Loss: 0.358393872699, Valid Loss: 0.494734567916, Average Time Per Epoch: 71.3459728384
Epoch: 51, Train Loss: 0.353845784254, Valid Loss: 0.555203778937, Average Time Per Epoch: 71.1924475081
Epoch: 52, Train Loss: 0.356968632577, Valid Loss: 0.515224314154, Average Time Per Epoch: 71.0463089209
Epoch: 53, Train Loss: 0.354348752732, Valid Loss: 0.516927676616, Average Time Per Epoch: 70.9085570911
Epoch: 54, Train Loss: 0.355087670413, Valid Loss: 0.491497672741, Average Time Per Epoch: 70.7719613137
Epoch: 55, Train Loss: 0.350951676155, Valid Loss: 0.485366833664, Average Time Per Epoch: 70.7052541429
Valid loss hasnt improved for 15 epochs. Exiting ....
Config Num Layers: 2, Hidden Size: 150, Melody Coeff: 0.5, Dropout Prob: 0.3, Input Dropout Prob: 1, Cell Type: LSTM, Time Batch Len: 128, Learning Rate: 0.005, Decay: 0.5, Loss: 0.47032752161
Found best new model!
Best Config: Num Layers: 2, Hidden Size: 150, Melody Coeff: 0.5, Dropout Prob: 0.3, Input Dropout Prob: 1, Cell Type: LSTM, Time Batch Len: 128, Learning Rate: 0.005, Decay: 0.5, Loss: 0.47032752161
Num Layers: 2, Hidden Size: 200, Melody Coeff: 0.5, Dropout Prob: 0.5, Input Dropout Prob: 1, Cell Type: LSTM, Time Batch Len: 128, Learning Rate: 0.005, Decay: 0.5
Epoch: 1, Train Loss: 1.50495983525, Valid Loss: 1.28696930326, Average Time Per Epoch: 149.304726124
Epoch: 2, Train Loss: 0.957825477286, Valid Loss: 0.942774638672, Average Time Per Epoch: 115.885001063
Epoch: 3, Train Loss: 0.761196243831, Valid Loss: 0.736110486642, Average Time Per Epoch: 104.262773037
Epoch: 4, Train Loss: 0.672701131485, Valid Loss: 0.710365222284, Average Time Per Epoch: 98.4418967366
Epoch: 5, Train Loss: 0.601454847848, Valid Loss: 0.641751740507, Average Time Per Epoch: 94.9774618149
Epoch: 6, Train Loss: 0.526666672088, Valid Loss: 0.583583630311, Average Time Per Epoch: 92.6151658297
Epoch: 7, Train Loss: 0.471824679354, Valid Loss: 0.547668138536, Average Time Per Epoch: 90.9191258635
Epoch: 8, Train Loss: 0.437854069912, Valid Loss: 0.54193871921, Average Time Per Epoch: 89.6621596217
Epoch: 9, Train Loss: 0.418463334001, Valid Loss: 0.531122837336, Average Time Per Epoch: 88.6772206624
Epoch: 10, Train Loss: 0.391547859943, Valid Loss: 0.540291120264, Average Time Per Epoch: 87.9029469967
Valid loss increased for the first time, will start saving models
Epoch: 11, Train Loss: 0.379590174924, Valid Loss: 0.513811210938, Average Time Per Epoch: 89.0006761768
Best loss so far encountered, saving model.
Epoch: 12, Train Loss: 0.362035579421, Valid Loss: 0.533868637928, Average Time Per Epoch: 89.8679625789
Epoch: 13, Train Loss: 0.346964503672, Valid Loss: 0.576370051057, Average Time Per Epoch: 89.1715935377
Epoch: 14, Train Loss: 0.33791296797, Valid Loss: 0.51722126868, Average Time Per Epoch: 88.5885392257
Epoch: 15, Train Loss: 0.325812840445, Valid Loss: 0.613393349676, Average Time Per Epoch: 88.0796998024
Epoch: 16, Train Loss: 0.318786183779, Valid Loss: 0.523360237143, Average Time Per Epoch: 87.6291738749
Epoch: 17, Train Loss: 0.305582961711, Valid Loss: 0.59581306957, Average Time Per Epoch: 87.2401324721
Epoch: 18, Train Loss: 0.303971934759, Valid Loss: 0.532190498859, Average Time Per Epoch: 86.8965460062
Epoch: 19, Train Loss: 0.293018497222, Valid Loss: 0.512232330633, Average Time Per Epoch: 86.5829769561
Best loss so far encountered, saving model.
Epoch: 20, Train Loss: 0.286891856011, Valid Loss: 0.503333064891, Average Time Per Epoch: 87.2307504535
Best loss so far encountered, saving model.
Epoch: 21, Train Loss: 0.279103098928, Valid Loss: 0.497454494755, Average Time Per Epoch: 87.8241760504
Best loss so far encountered, saving model.
Epoch: 22, Train Loss: 0.272498789294, Valid Loss: 0.510817422921, Average Time Per Epoch: 88.3531901836
Epoch: 23, Train Loss: 0.27008500702, Valid Loss: 0.50217662292, Average Time Per Epoch: 88.0328694841
Epoch: 24, Train Loss: 0.26263996063, Valid Loss: 0.551434733892, Average Time Per Epoch: 87.7344498336
Epoch: 25, Train Loss: 0.254445996356, Valid Loss: 0.609701707769, Average Time Per Epoch: 87.460606842
Epoch: 26, Train Loss: 0.256396483844, Valid Loss: 0.523889169431, Average Time Per Epoch: 87.2072401597
Epoch: 27, Train Loss: 0.24967763311, Valid Loss: 0.524014707604, Average Time Per Epoch: 86.9737433328
Epoch: 28, Train Loss: 0.242552370476, Valid Loss: 0.54372502766, Average Time Per Epoch: 86.7587476798
Epoch: 29, Train Loss: 0.242178700896, Valid Loss: 0.478760191188, Average Time Per Epoch: 86.5594471734
Best loss so far encountered, saving model.
Epoch: 30, Train Loss: 0.236608977159, Valid Loss: 0.473740033555, Average Time Per Epoch: 87.00683767
Best loss so far encountered, saving model.
Epoch: 31, Train Loss: 0.23461588567, Valid Loss: 0.524075346882, Average Time Per Epoch: 87.4168683252
Epoch: 32, Train Loss: 0.231108089164, Valid Loss: 0.561432273511, Average Time Per Epoch: 87.2175685614
Epoch: 33, Train Loss: 0.223448498395, Valid Loss: 0.54855935727, Average Time Per Epoch: 87.0333621213
Epoch: 34, Train Loss: 0.222786697639, Valid Loss: 0.58314496888, Average Time Per Epoch: 86.8538832945
Epoch: 35, Train Loss: 0.218802199665, Valid Loss: 0.571833587963, Average Time Per Epoch: 86.6832730021
Epoch: 36, Train Loss: 0.220414345695, Valid Loss: 0.529759446064, Average Time Per Epoch: 86.5286245876
Epoch: 37, Train Loss: 0.214999060007, Valid Loss: 0.553012455617, Average Time Per Epoch: 86.3835053831
Epoch: 38, Train Loss: 0.213476699239, Valid Loss: 0.469109746521, Average Time Per Epoch: 86.2472786088
Best loss so far encountered, saving model.
Epoch: 39, Train Loss: 0.214136526515, Valid Loss: 0.536374235448, Average Time Per Epoch: 86.6006447719
Epoch: 40, Train Loss: 0.205441153648, Valid Loss: 0.575366419525, Average Time Per Epoch: 86.4636795521
Epoch: 41, Train Loss: 0.204525069774, Valid Loss: 0.571169236364, Average Time Per Epoch: 86.33370232
Epoch: 42, Train Loss: 0.204264130024, Valid Loss: 0.542125068578, Average Time Per Epoch: 86.2066365253
Epoch: 43, Train Loss: 0.201211470649, Valid Loss: 0.489528659387, Average Time Per Epoch: 86.0859307467
Epoch: 44, Train Loss: 0.199336892036, Valid Loss: 0.548230140446, Average Time Per Epoch: 85.9720073884
Epoch: 45, Train Loss: 0.195899049004, Valid Loss: 0.594225481224, Average Time Per Epoch: 85.8623337587
Epoch: 46, Train Loss: 0.198670466989, Valid Loss: 0.514665867843, Average Time Per Epoch: 85.7585236093
Epoch: 47, Train Loss: 0.195520404189, Valid Loss: 0.476825768602, Average Time Per Epoch: 85.6620579375
Epoch: 48, Train Loss: 0.194785050472, Valid Loss: 0.495761874671, Average Time Per Epoch: 85.5681445201
Epoch: 49, Train Loss: 0.193296897416, Valid Loss: 0.560328158886, Average Time Per Epoch: 85.4811929586
Epoch: 50, Train Loss: 0.187069396463, Valid Loss: 0.591064712847, Average Time Per Epoch: 85.4084828615
Epoch: 51, Train Loss: 0.189715708191, Valid Loss: 0.596467218734, Average Time Per Epoch: 85.3296118063
Epoch: 52, Train Loss: 0.185990786863, Valid Loss: 0.587955766536, Average Time Per Epoch: 85.2480694239
Epoch: 53, Train Loss: 0.188862585784, Valid Loss: 0.579836796466, Average Time Per Epoch: 85.1710076062
Valid loss hasnt improved for 15 epochs. Exiting ....
Config Num Layers: 2, Hidden Size: 200, Melody Coeff: 0.5, Dropout Prob: 0.5, Input Dropout Prob: 1, Cell Type: LSTM, Time Batch Len: 128, Learning Rate: 0.005, Decay: 0.5, Loss: 0.469109746521
Found best new model!
Best Config: Num Layers: 2, Hidden Size: 200, Melody Coeff: 0.5, Dropout Prob: 0.5, Input Dropout Prob: 1, Cell Type: LSTM, Time Batch Len: 128, Learning Rate: 0.005, Decay: 0.5, Loss: 0.469109746521
Num Layers: 2, Hidden Size: 200, Melody Coeff: 0.5, Dropout Prob: 0.3, Input Dropout Prob: 1, Cell Type: LSTM, Time Batch Len: 128, Learning Rate: 0.005, Decay: 0.5
Epoch: 1, Train Loss: 1.42939169759, Valid Loss: 1.20176750822, Average Time Per Epoch: 150.204416037
Epoch: 2, Train Loss: 1.03382361775, Valid Loss: 1.03710498544, Average Time Per Epoch: 115.646293521
Epoch: 3, Train Loss: 0.850505453213, Valid Loss: 1.01560760579, Average Time Per Epoch: 104.185565313
Epoch: 4, Train Loss: 0.774172162061, Valid Loss: 0.991321937423, Average Time Per Epoch: 98.4340227246
Epoch: 5, Train Loss: 0.709041960537, Valid Loss: 0.746158539766, Average Time Per Epoch: 94.9836907864
Epoch: 6, Train Loss: 0.643257292766, Valid Loss: 1.0164597714, Average Time Per Epoch: 92.6868278186
Valid loss increased for the first time, will start saving models
Epoch: 7, Train Loss: 0.592526011067, Valid Loss: 0.660191711832, Average Time Per Epoch: 93.7134628636
Best loss so far encountered, saving model.
Epoch: 8, Train Loss: 0.548981457813, Valid Loss: 0.688483976086, Average Time Per Epoch: 94.3897863626
Epoch: 9, Train Loss: 0.52980342995, Valid Loss: 0.583503153072, Average Time Per Epoch: 92.9444890022
Best loss so far encountered, saving model.
Epoch: 10, Train Loss: 0.500510015542, Valid Loss: 0.558659910776, Average Time Per Epoch: 93.570962286
Best loss so far encountered, saving model.
Epoch: 11, Train Loss: 0.487306191264, Valid Loss: 0.521198302275, Average Time Per Epoch: 94.4562615481
Best loss so far encountered, saving model.
Epoch: 12, Train Loss: 0.478410944173, Valid Loss: 0.513333528846, Average Time Per Epoch: 94.5767983397
Best loss so far encountered, saving model.
Epoch: 13, Train Loss: 0.461738684096, Valid Loss: 0.55848717865, Average Time Per Epoch: 95.1931908497
Epoch: 14, Train Loss: 0.454242964089, Valid Loss: 0.540953625451, Average Time Per Epoch: 94.199627706
Epoch: 15, Train Loss: 0.437088570845, Valid Loss: 0.572252073677, Average Time Per Epoch: 93.3252941291
Epoch: 16, Train Loss: 0.430034690283, Valid Loss: 0.561507950201, Average Time Per Epoch: 92.5682896227
Epoch: 17, Train Loss: 0.423490634696, Valid Loss: 0.513891622316, Average Time Per Epoch: 91.9003477658
Epoch: 18, Train Loss: 0.417130532454, Valid Loss: 0.495265599845, Average Time Per Epoch: 91.2992747227
Best loss so far encountered, saving model.
Epoch: 19, Train Loss: 0.407928550353, Valid Loss: 0.506776444172, Average Time Per Epoch: 91.7384857379
Epoch: 20, Train Loss: 0.401718728278, Valid Loss: 0.495687968783, Average Time Per Epoch: 91.2188184977
Epoch: 21, Train Loss: 0.395669287409, Valid Loss: 0.509931332932, Average Time Per Epoch: 90.741877851
Epoch: 22, Train Loss: 0.383222873357, Valid Loss: 0.544242569142, Average Time Per Epoch: 90.3031891368
Epoch: 23, Train Loss: 0.382584568816, Valid Loss: 0.500942208367, Average Time Per Epoch: 89.9031726485
Epoch: 24, Train Loss: 0.379299056327, Valid Loss: 0.486317746143, Average Time Per Epoch: 89.5316860775
Best loss so far encountered, saving model.
Epoch: 25, Train Loss: 0.370601397423, Valid Loss: 0.54346875014, Average Time Per Epoch: 89.9565638828
Epoch: 26, Train Loss: 0.366173021207, Valid Loss: 0.518145636439, Average Time Per Epoch: 89.6133359212
Epoch: 27, Train Loss: 0.359843638243, Valid Loss: 0.565761408025, Average Time Per Epoch: 89.3028596684
Epoch: 28, Train Loss: 0.361537582834, Valid Loss: 0.492780105159, Average Time Per Epoch: 89.0090083224
Epoch: 29, Train Loss: 0.352638577441, Valid Loss: 0.518466011101, Average Time Per Epoch: 88.7386575814
Epoch: 30, Train Loss: 0.350144412792, Valid Loss: 0.589129767163, Average Time Per Epoch: 88.4847082297
Epoch: 31, Train Loss: 0.346343982914, Valid Loss: 0.561627855772, Average Time Per Epoch: 88.2442962277
Epoch: 32, Train Loss: 0.343288657916, Valid Loss: 0.485633117922, Average Time Per Epoch: 88.0262206569
Best loss so far encountered, saving model.
Epoch: 33, Train Loss: 0.339046549391, Valid Loss: 0.486946061997, Average Time Per Epoch: 88.2872173642
Epoch: 34, Train Loss: 0.33511230546, Valid Loss: 0.481201939732, Average Time Per Epoch: 88.0778634408
Best loss so far encountered, saving model.
Epoch: 35, Train Loss: 0.331322734413, Valid Loss: 0.543015677846, Average Time Per Epoch: 88.5117353439
Epoch: 36, Train Loss: 0.328693931516, Valid Loss: 0.517496770442, Average Time Per Epoch: 88.3031086127
Epoch: 37, Train Loss: 0.325640645555, Valid Loss: 0.521342691662, Average Time Per Epoch: 88.1128796758
Epoch: 38, Train Loss: 0.321168989536, Valid Loss: 0.486064395657, Average Time Per Epoch: 87.9295519967
Epoch: 39, Train Loss: 0.32249610805, Valid Loss: 0.48621925642, Average Time Per Epoch: 87.7603439245
Epoch: 40, Train Loss: 0.314417754317, Valid Loss: 0.514251641224, Average Time Per Epoch: 87.5971821249
Epoch: 41, Train Loss: 0.310482710939, Valid Loss: 0.5758354186, Average Time Per Epoch: 87.4433403655
Epoch: 42, Train Loss: 0.31452829594, Valid Loss: 0.524228292436, Average Time Per Epoch: 87.2913206645
Epoch: 43, Train Loss: 0.3122033445, Valid Loss: 0.462860075317, Average Time Per Epoch: 87.1503986481
Best loss so far encountered, saving model.
Epoch: 44, Train Loss: 0.307881674543, Valid Loss: 0.492780507217, Average Time Per Epoch: 87.4527605664
Epoch: 45, Train Loss: 0.303909794495, Valid Loss: 0.562492706106, Average Time Per Epoch: 87.3133340889
Epoch: 46, Train Loss: 0.304751681469, Valid Loss: 0.513508110799, Average Time Per Epoch: 87.1849992586
Epoch: 47, Train Loss: 0.300707083805, Valid Loss: 0.562258289131, Average Time Per Epoch: 87.0544729131
Epoch: 48, Train Loss: 0.299351907843, Valid Loss: 0.466938205624, Average Time Per Epoch: 86.9362232486
Epoch: 49, Train Loss: 0.294637077607, Valid Loss: 0.59174704741, Average Time Per Epoch: 86.818345284
Epoch: 50, Train Loss: 0.298366411657, Valid Loss: 0.468372802515, Average Time Per Epoch: 86.7103234386
Epoch: 51, Train Loss: 0.301009479876, Valid Loss: 0.475476411445, Average Time Per Epoch: 86.604701706
Epoch: 52, Train Loss: 0.296713114699, Valid Loss: 0.504447137943, Average Time Per Epoch: 86.5041495378
Epoch: 53, Train Loss: 0.287452563847, Valid Loss: 0.46964184344, Average Time Per Epoch: 86.4065527916
Epoch: 54, Train Loss: 0.286108223823, Valid Loss: 0.498513422029, Average Time Per Epoch: 86.3133178155
Epoch: 55, Train Loss: 0.289194088209, Valid Loss: 0.503442207664, Average Time Per Epoch: 86.2218855815
Epoch: 56, Train Loss: 0.285476234996, Valid Loss: 0.498289450243, Average Time Per Epoch: 86.1345336948
Epoch: 57, Train Loss: 0.280292223597, Valid Loss: 0.528515851734, Average Time Per Epoch: 86.0500687005
Epoch: 58, Train Loss: 0.284944591642, Valid Loss: 0.481081776498, Average Time Per Epoch: 85.9693771025
Valid loss hasnt improved for 15 epochs. Exiting ....
Config Num Layers: 2, Hidden Size: 200, Melody Coeff: 0.5, Dropout Prob: 0.3, Input Dropout Prob: 1, Cell Type: LSTM, Time Batch Len: 128, Learning Rate: 0.005, Decay: 0.5, Loss: 0.462860075317
Found best new model!
Best Config: Num Layers: 2, Hidden Size: 200, Melody Coeff: 0.5, Dropout Prob: 0.3, Input Dropout Prob: 1, Cell Type: LSTM, Time Batch Len: 128, Learning Rate: 0.005, Decay: 0.5, Loss: 0.462860075317
